<?xml version="1.0" encoding="UTF-8"?>
<testsuite name="comunidades.tesoreria.capacitacion.ShoppingTest" tests="1" skipped="0" failures="0" errors="0" timestamp="2024-11-25T14:40:41" hostname="LP94E979BDDCBB" time="16.348">
  <properties/>
  <testcase name="ShoppingTest" classname="comunidades.tesoreria.capacitacion.ShoppingTest" time="16.348"/>
  <system-out><![CDATA[Test name: ShoppingTest
name ShoppingTest
navegaro CHROME
ChromeDriver: chrome on windows (074d5fe31e2b4ee5b1447f21fc3e5428)
Index 3 out of bounds for length 2
]]></system-out>
  <system-err><![CDATA[nov. 25, 2024 11:40:28 A. M. com.microsoft.sqlserver.jdbc.TDSChannel enableSSL
INFORMACIÓN: java.security path: C:\Users\EMRR6950\.jdks\azul-17.0.12\lib\security
Security providers: [SUN version 17, SunRsaSign version 17, SunEC version 17, SunJSSE version 17, SunJCE version 17, SunJGSS version 17, SunSASL version 17, XMLDSig version 17, SunPCSC version 17, JdkLDAP version 17, JdkSASL version 17, SunMSCAPI version 17, SunPKCS11 version 17, OracleJSSE version 1.0, OracleJSSE103 version 1.0]
SSLContext provider info: Sun JSSE provider(PKCS12, SunX509/PKIX key/trust factories, SSLv3/TLSv1/TLSv1.1/TLSv1.2/TLSv1.3/DTLSv1.0/DTLSv1.2)
SSLContext provider services:
[SunJSSE: SSLContext.TLSv1 -> sun.security.ssl.SSLContextImpl$TLS10Context
  aliases: [SSLv3]
, SunJSSE: TrustManagerFactory.PKIX -> sun.security.ssl.TrustManagerFactoryImpl$PKIXFactory
  aliases: [SunPKIX, X509, X.509]
, SunJSSE: KeyManagerFactory.NewSunX509 -> sun.security.ssl.KeyManagerFactoryImpl$X509
  aliases: [PKIX]
, SunJSSE: SSLContext.DTLSv1.0 -> sun.security.ssl.SSLContextImpl$DTLS10Context
, SunJSSE: SSLContext.DTLS -> sun.security.ssl.SSLContextImpl$DTLSContext
, SunJSSE: SSLContext.DTLSv1.2 -> sun.security.ssl.SSLContextImpl$DTLS12Context
, SunJSSE: SSLContext.TLS -> sun.security.ssl.SSLContextImpl$TLSContext
  aliases: [SSL]
, SunJSSE: SSLContext.Default -> sun.security.ssl.SSLContextImpl$DefaultSSLContext
, SunJSSE: SSLContext.TLSv1.2 -> sun.security.ssl.SSLContextImpl$TLS12Context
, SunJSSE: SSLContext.TLSv1.1 -> sun.security.ssl.SSLContextImpl$TLS11Context
, SunJSSE: Signature.MD5andSHA1withRSA -> sun.security.ssl.RSASignature
, SunJSSE: KeyStore.PKCS12 -> sun.security.pkcs12.PKCS12KeyStore
, SunJSSE: SSLContext.TLSv1.3 -> sun.security.ssl.SSLContextImpl$TLS13Context
, SunJSSE: TrustManagerFactory.SunX509 -> sun.security.ssl.TrustManagerFactoryImpl$SimpleFactory
, SunJSSE: KeyManagerFactory.SunX509 -> sun.security.ssl.KeyManagerFactoryImpl$SunX509
]
java.ext.dirs: null
com.microsoft.sqlserver.jdbc.SQLServerException: El controlador no pudo establecer una conexión segura con SQL Server con el cifrado de Capa de sockets seguros (SSL). Error: "The server selected protocol version TLS10 is not accepted by client preferences [TLS13, TLS12]". ClientConnectionId:d484fa3e-a990-4e5c-9ea7-8dc3e43c7ca3
	at com.microsoft.sqlserver.jdbc.SQLServerConnection.terminate(SQLServerConnection.java:1667)
	at com.microsoft.sqlserver.jdbc.TDSChannel.enableSSL(IOBuffer.java:1668)
	at com.microsoft.sqlserver.jdbc.SQLServerConnection.connectHelper(SQLServerConnection.java:1323)
	at com.microsoft.sqlserver.jdbc.SQLServerConnection.login(SQLServerConnection.java:991)
	at com.microsoft.sqlserver.jdbc.SQLServerConnection.connect(SQLServerConnection.java:827)
	at com.microsoft.sqlserver.jdbc.SQLServerDriver.connect(SQLServerDriver.java:1012)
	at java.sql/java.sql.DriverManager.getConnection(DriverManager.java:681)
	at java.sql/java.sql.DriverManager.getConnection(DriverManager.java:229)
	at framework.DBManager.connectToCLSTGSQLQ20(DBManager.java:236)
	at framework.DBManager.<init>(DBManager.java:63)
	at framework.TestScriptBD.<init>(TestScriptBD.java:26)
	at framework.TestScriptUtil.<init>(TestScriptUtil.java:44)
	at framework.Login.<init>(Login.java:16)
	at framework.TestScriptWebSelenium.<init>(TestScriptWebSelenium.java:108)
	at framework.generalUtilities.HookPersonas.setup(HookPersonas.java:30)
	at java.base/jdk.internal.reflect.NativeMethodAccessorImpl.invoke0(Native Method)
	at java.base/jdk.internal.reflect.NativeMethodAccessorImpl.invoke(NativeMethodAccessorImpl.java:77)
	at java.base/jdk.internal.reflect.DelegatingMethodAccessorImpl.invoke(DelegatingMethodAccessorImpl.java:43)
	at java.base/java.lang.reflect.Method.invoke(Method.java:569)
	at org.testng.internal.invokers.MethodInvocationHelper.invokeMethod(MethodInvocationHelper.java:135)
	at org.testng.internal.invokers.MethodInvocationHelper.invokeMethodConsideringTimeout(MethodInvocationHelper.java:65)
	at org.testng.internal.invokers.ConfigInvoker.invokeConfigurationMethod(ConfigInvoker.java:381)
	at org.testng.internal.invokers.ConfigInvoker.invokeConfigurations(ConfigInvoker.java:319)
	at org.testng.internal.invokers.TestInvoker.runConfigMethods(TestInvoker.java:803)
	at org.testng.internal.invokers.TestInvoker.invokeMethod(TestInvoker.java:589)
	at org.testng.internal.invokers.TestInvoker.invokeTestMethod(TestInvoker.java:220)
	at org.testng.internal.invokers.MethodRunner.runInSequence(MethodRunner.java:50)
	at org.testng.internal.invokers.TestInvoker$MethodInvocationAgent.invoke(TestInvoker.java:945)
	at org.testng.internal.invokers.TestInvoker.invokeTestMethods(TestInvoker.java:193)
	at org.testng.internal.invokers.TestMethodWorker.invokeTestMethods(TestMethodWorker.java:146)
	at org.testng.internal.invokers.TestMethodWorker.run(TestMethodWorker.java:128)
	at java.base/java.util.ArrayList.forEach(ArrayList.java:1511)
	at org.testng.TestRunner.privateRun(TestRunner.java:808)
	at org.testng.TestRunner.run(TestRunner.java:603)
	at org.testng.SuiteRunner.runTest(SuiteRunner.java:429)
	at org.testng.SuiteRunner.runSequentially(SuiteRunner.java:423)
	at org.testng.SuiteRunner.privateRun(SuiteRunner.java:383)
	at org.testng.SuiteRunner.run(SuiteRunner.java:326)
	at org.testng.SuiteRunnerWorker.runSuite(SuiteRunnerWorker.java:52)
	at org.testng.SuiteRunnerWorker.run(SuiteRunnerWorker.java:95)
	at org.testng.TestNG.runSuitesSequentially(TestNG.java:1249)
	at org.testng.TestNG.runSuitesLocally(TestNG.java:1169)
	at org.testng.TestNG.runSuites(TestNG.java:1092)
	at org.testng.TestNG.run(TestNG.java:1060)
	at org.gradle.api.internal.tasks.testing.testng.TestNGTestClassProcessor.runTests(TestNGTestClassProcessor.java:141)
	at org.gradle.api.internal.tasks.testing.testng.TestNGTestClassProcessor.stop(TestNGTestClassProcessor.java:90)
	at org.gradle.api.internal.tasks.testing.SuiteTestClassProcessor.stop(SuiteTestClassProcessor.java:61)
	at java.base/jdk.internal.reflect.NativeMethodAccessorImpl.invoke0(Native Method)
	at java.base/jdk.internal.reflect.NativeMethodAccessorImpl.invoke(NativeMethodAccessorImpl.java:77)
	at java.base/jdk.internal.reflect.DelegatingMethodAccessorImpl.invoke(DelegatingMethodAccessorImpl.java:43)
	at java.base/java.lang.reflect.Method.invoke(Method.java:569)
	at org.gradle.internal.dispatch.ReflectionDispatch.dispatch(ReflectionDispatch.java:36)
	at org.gradle.internal.dispatch.ReflectionDispatch.dispatch(ReflectionDispatch.java:24)
	at org.gradle.internal.dispatch.ContextClassLoaderDispatch.dispatch(ContextClassLoaderDispatch.java:33)
	at org.gradle.internal.dispatch.ProxyDispatchAdapter$DispatchingInvocationHandler.invoke(ProxyDispatchAdapter.java:94)
	at jdk.proxy1/jdk.proxy1.$Proxy2.stop(Unknown Source)
	at org.gradle.api.internal.tasks.testing.worker.TestWorker$3.run(TestWorker.java:193)
	at org.gradle.api.internal.tasks.testing.worker.TestWorker.executeAndMaintainThreadName(TestWorker.java:129)
	at org.gradle.api.internal.tasks.testing.worker.TestWorker.execute(TestWorker.java:100)
	at org.gradle.api.internal.tasks.testing.worker.TestWorker.execute(TestWorker.java:60)
	at org.gradle.process.internal.worker.child.ActionExecutionWorker.execute(ActionExecutionWorker.java:56)
	at org.gradle.process.internal.worker.child.SystemApplicationClassLoaderWorker.call(SystemApplicationClassLoaderWorker.java:133)
	at org.gradle.process.internal.worker.child.SystemApplicationClassLoaderWorker.call(SystemApplicationClassLoaderWorker.java:71)
	at worker.org.gradle.process.internal.worker.GradleWorkerMain.run(GradleWorkerMain.java:69)
	at worker.org.gradle.process.internal.worker.GradleWorkerMain.main(GradleWorkerMain.java:74)
Caused by: javax.net.ssl.SSLHandshakeException: The server selected protocol version TLS10 is not accepted by client preferences [TLS13, TLS12]
	at java.base/sun.security.ssl.Alert.createSSLException(Alert.java:131)
	at java.base/sun.security.ssl.Alert.createSSLException(Alert.java:117)
	at java.base/sun.security.ssl.TransportContext.fatal(TransportContext.java:365)
	at java.base/sun.security.ssl.TransportContext.fatal(TransportContext.java:321)
	at java.base/sun.security.ssl.TransportContext.fatal(TransportContext.java:312)
	at java.base/sun.security.ssl.ServerHello$ServerHelloConsumer.onServerHello(ServerHello.java:981)
	at java.base/sun.security.ssl.ServerHello$ServerHelloConsumer.consume(ServerHello.java:903)
	at java.base/sun.security.ssl.SSLHandshake.consume(SSLHandshake.java:396)
	at java.base/sun.security.ssl.HandshakeContext.dispatch(HandshakeContext.java:480)
	at java.base/sun.security.ssl.HandshakeContext.dispatch(HandshakeContext.java:458)
	at java.base/sun.security.ssl.TransportContext.dispatch(TransportContext.java:201)
	at java.base/sun.security.ssl.SSLTransport.decode(SSLTransport.java:172)
	at java.base/sun.security.ssl.SSLSocketImpl.decode(SSLSocketImpl.java:1510)
	at java.base/sun.security.ssl.SSLSocketImpl.readHandshakeRecord(SSLSocketImpl.java:1425)
	at java.base/sun.security.ssl.SSLSocketImpl.startHandshake(SSLSocketImpl.java:455)
	at java.base/sun.security.ssl.SSLSocketImpl.startHandshake(SSLSocketImpl.java:426)
	at com.microsoft.sqlserver.jdbc.TDSChannel.enableSSL(IOBuffer.java:1618)
	... 63 more
nov. 25, 2024 11:40:29 A. M. com.microsoft.sqlserver.jdbc.TDSChannel enableSSL
INFORMACIÓN: java.security path: C:\Users\EMRR6950\.jdks\azul-17.0.12\lib\security
Security providers: [SUN version 17, SunRsaSign version 17, SunEC version 17, SunJSSE version 17, SunJCE version 17, SunJGSS version 17, SunSASL version 17, XMLDSig version 17, SunPCSC version 17, JdkLDAP version 17, JdkSASL version 17, SunMSCAPI version 17, SunPKCS11 version 17, OracleJSSE version 1.0, OracleJSSE103 version 1.0]
SSLContext provider info: Sun JSSE provider(PKCS12, SunX509/PKIX key/trust factories, SSLv3/TLSv1/TLSv1.1/TLSv1.2/TLSv1.3/DTLSv1.0/DTLSv1.2)
SSLContext provider services:
[SunJSSE: SSLContext.TLSv1 -> sun.security.ssl.SSLContextImpl$TLS10Context
  aliases: [SSLv3]
, SunJSSE: TrustManagerFactory.PKIX -> sun.security.ssl.TrustManagerFactoryImpl$PKIXFactory
  aliases: [SunPKIX, X509, X.509]
, SunJSSE: KeyManagerFactory.NewSunX509 -> sun.security.ssl.KeyManagerFactoryImpl$X509
  aliases: [PKIX]
, SunJSSE: SSLContext.DTLSv1.0 -> sun.security.ssl.SSLContextImpl$DTLS10Context
, SunJSSE: SSLContext.DTLS -> sun.security.ssl.SSLContextImpl$DTLSContext
, SunJSSE: SSLContext.DTLSv1.2 -> sun.security.ssl.SSLContextImpl$DTLS12Context
, SunJSSE: SSLContext.TLS -> sun.security.ssl.SSLContextImpl$TLSContext
  aliases: [SSL]
, SunJSSE: SSLContext.Default -> sun.security.ssl.SSLContextImpl$DefaultSSLContext
, SunJSSE: SSLContext.TLSv1.2 -> sun.security.ssl.SSLContextImpl$TLS12Context
, SunJSSE: SSLContext.TLSv1.1 -> sun.security.ssl.SSLContextImpl$TLS11Context
, SunJSSE: Signature.MD5andSHA1withRSA -> sun.security.ssl.RSASignature
, SunJSSE: KeyStore.PKCS12 -> sun.security.pkcs12.PKCS12KeyStore
, SunJSSE: SSLContext.TLSv1.3 -> sun.security.ssl.SSLContextImpl$TLS13Context
, SunJSSE: TrustManagerFactory.SunX509 -> sun.security.ssl.TrustManagerFactoryImpl$SimpleFactory
, SunJSSE: KeyManagerFactory.SunX509 -> sun.security.ssl.KeyManagerFactoryImpl$SunX509
]
java.ext.dirs: null
com.microsoft.sqlserver.jdbc.SQLServerException: El controlador no pudo establecer una conexión segura con SQL Server con el cifrado de Capa de sockets seguros (SSL). Error: "The server selected protocol version TLS10 is not accepted by client preferences [TLS13, TLS12]". ClientConnectionId:61ba8731-38bc-426c-b8e4-656a601ea389
	at com.microsoft.sqlserver.jdbc.SQLServerConnection.terminate(SQLServerConnection.java:1667)
	at com.microsoft.sqlserver.jdbc.TDSChannel.enableSSL(IOBuffer.java:1668)
	at com.microsoft.sqlserver.jdbc.SQLServerConnection.connectHelper(SQLServerConnection.java:1323)
	at com.microsoft.sqlserver.jdbc.SQLServerConnection.login(SQLServerConnection.java:991)
	at com.microsoft.sqlserver.jdbc.SQLServerConnection.connect(SQLServerConnection.java:827)
	at com.microsoft.sqlserver.jdbc.SQLServerDriver.connect(SQLServerDriver.java:1012)
	at java.sql/java.sql.DriverManager.getConnection(DriverManager.java:681)
	at java.sql/java.sql.DriverManager.getConnection(DriverManager.java:229)
	at framework.DBManager.connectToCLSTGSQLQ56(DBManager.java:191)
	at framework.DBManager.<init>(DBManager.java:68)
	at framework.TestScriptBD.<init>(TestScriptBD.java:26)
	at framework.TestScriptUtil.<init>(TestScriptUtil.java:44)
	at framework.Login.<init>(Login.java:16)
	at framework.TestScriptWebSelenium.<init>(TestScriptWebSelenium.java:108)
	at framework.generalUtilities.HookPersonas.setup(HookPersonas.java:30)
	at java.base/jdk.internal.reflect.NativeMethodAccessorImpl.invoke0(Native Method)
	at java.base/jdk.internal.reflect.NativeMethodAccessorImpl.invoke(NativeMethodAccessorImpl.java:77)
	at java.base/jdk.internal.reflect.DelegatingMethodAccessorImpl.invoke(DelegatingMethodAccessorImpl.java:43)
	at java.base/java.lang.reflect.Method.invoke(Method.java:569)
	at org.testng.internal.invokers.MethodInvocationHelper.invokeMethod(MethodInvocationHelper.java:135)
	at org.testng.internal.invokers.MethodInvocationHelper.invokeMethodConsideringTimeout(MethodInvocationHelper.java:65)
	at org.testng.internal.invokers.ConfigInvoker.invokeConfigurationMethod(ConfigInvoker.java:381)
	at org.testng.internal.invokers.ConfigInvoker.invokeConfigurations(ConfigInvoker.java:319)
	at org.testng.internal.invokers.TestInvoker.runConfigMethods(TestInvoker.java:803)
	at org.testng.internal.invokers.TestInvoker.invokeMethod(TestInvoker.java:589)
	at org.testng.internal.invokers.TestInvoker.invokeTestMethod(TestInvoker.java:220)
	at org.testng.internal.invokers.MethodRunner.runInSequence(MethodRunner.java:50)
	at org.testng.internal.invokers.TestInvoker$MethodInvocationAgent.invoke(TestInvoker.java:945)
	at org.testng.internal.invokers.TestInvoker.invokeTestMethods(TestInvoker.java:193)
	at org.testng.internal.invokers.TestMethodWorker.invokeTestMethods(TestMethodWorker.java:146)
	at org.testng.internal.invokers.TestMethodWorker.run(TestMethodWorker.java:128)
	at java.base/java.util.ArrayList.forEach(ArrayList.java:1511)
	at org.testng.TestRunner.privateRun(TestRunner.java:808)
	at org.testng.TestRunner.run(TestRunner.java:603)
	at org.testng.SuiteRunner.runTest(SuiteRunner.java:429)
	at org.testng.SuiteRunner.runSequentially(SuiteRunner.java:423)
	at org.testng.SuiteRunner.privateRun(SuiteRunner.java:383)
	at org.testng.SuiteRunner.run(SuiteRunner.java:326)
	at org.testng.SuiteRunnerWorker.runSuite(SuiteRunnerWorker.java:52)
	at org.testng.SuiteRunnerWorker.run(SuiteRunnerWorker.java:95)
	at org.testng.TestNG.runSuitesSequentially(TestNG.java:1249)
	at org.testng.TestNG.runSuitesLocally(TestNG.java:1169)
	at org.testng.TestNG.runSuites(TestNG.java:1092)
	at org.testng.TestNG.run(TestNG.java:1060)
	at org.gradle.api.internal.tasks.testing.testng.TestNGTestClassProcessor.runTests(TestNGTestClassProcessor.java:141)
	at org.gradle.api.internal.tasks.testing.testng.TestNGTestClassProcessor.stop(TestNGTestClassProcessor.java:90)
	at org.gradle.api.internal.tasks.testing.SuiteTestClassProcessor.stop(SuiteTestClassProcessor.java:61)
	at java.base/jdk.internal.reflect.NativeMethodAccessorImpl.invoke0(Native Method)
	at java.base/jdk.internal.reflect.NativeMethodAccessorImpl.invoke(NativeMethodAccessorImpl.java:77)
	at java.base/jdk.internal.reflect.DelegatingMethodAccessorImpl.invoke(DelegatingMethodAccessorImpl.java:43)
	at java.base/java.lang.reflect.Method.invoke(Method.java:569)
	at org.gradle.internal.dispatch.ReflectionDispatch.dispatch(ReflectionDispatch.java:36)
	at org.gradle.internal.dispatch.ReflectionDispatch.dispatch(ReflectionDispatch.java:24)
	at org.gradle.internal.dispatch.ContextClassLoaderDispatch.dispatch(ContextClassLoaderDispatch.java:33)
	at org.gradle.internal.dispatch.ProxyDispatchAdapter$DispatchingInvocationHandler.invoke(ProxyDispatchAdapter.java:94)
	at jdk.proxy1/jdk.proxy1.$Proxy2.stop(Unknown Source)
	at org.gradle.api.internal.tasks.testing.worker.TestWorker$3.run(TestWorker.java:193)
	at org.gradle.api.internal.tasks.testing.worker.TestWorker.executeAndMaintainThreadName(TestWorker.java:129)
	at org.gradle.api.internal.tasks.testing.worker.TestWorker.execute(TestWorker.java:100)
	at org.gradle.api.internal.tasks.testing.worker.TestWorker.execute(TestWorker.java:60)
	at org.gradle.process.internal.worker.child.ActionExecutionWorker.execute(ActionExecutionWorker.java:56)
	at org.gradle.process.internal.worker.child.SystemApplicationClassLoaderWorker.call(SystemApplicationClassLoaderWorker.java:133)
	at org.gradle.process.internal.worker.child.SystemApplicationClassLoaderWorker.call(SystemApplicationClassLoaderWorker.java:71)
	at worker.org.gradle.process.internal.worker.GradleWorkerMain.run(GradleWorkerMain.java:69)
	at worker.org.gradle.process.internal.worker.GradleWorkerMain.main(GradleWorkerMain.java:74)
Caused by: javax.net.ssl.SSLHandshakeException: The server selected protocol version TLS10 is not accepted by client preferences [TLS13, TLS12]
	at java.base/sun.security.ssl.Alert.createSSLException(Alert.java:131)
	at java.base/sun.security.ssl.Alert.createSSLException(Alert.java:117)
	at java.base/sun.security.ssl.TransportContext.fatal(TransportContext.java:365)
	at java.base/sun.security.ssl.TransportContext.fatal(TransportContext.java:321)
	at java.base/sun.security.ssl.TransportContext.fatal(TransportContext.java:312)
	at java.base/sun.security.ssl.ServerHello$ServerHelloConsumer.onServerHello(ServerHello.java:981)
	at java.base/sun.security.ssl.ServerHello$ServerHelloConsumer.consume(ServerHello.java:903)
	at java.base/sun.security.ssl.SSLHandshake.consume(SSLHandshake.java:396)
	at java.base/sun.security.ssl.HandshakeContext.dispatch(HandshakeContext.java:480)
	at java.base/sun.security.ssl.HandshakeContext.dispatch(HandshakeContext.java:458)
	at java.base/sun.security.ssl.TransportContext.dispatch(TransportContext.java:201)
	at java.base/sun.security.ssl.SSLTransport.decode(SSLTransport.java:172)
	at java.base/sun.security.ssl.SSLSocketImpl.decode(SSLSocketImpl.java:1510)
	at java.base/sun.security.ssl.SSLSocketImpl.readHandshakeRecord(SSLSocketImpl.java:1425)
	at java.base/sun.security.ssl.SSLSocketImpl.startHandshake(SSLSocketImpl.java:455)
	at java.base/sun.security.ssl.SSLSocketImpl.startHandshake(SSLSocketImpl.java:426)
	at com.microsoft.sqlserver.jdbc.TDSChannel.enableSSL(IOBuffer.java:1618)
	... 63 more
nov. 25, 2024 11:40:29 A. M. com.microsoft.sqlserver.jdbc.TDSChannel enableSSL
INFORMACIÓN: java.security path: C:\Users\EMRR6950\.jdks\azul-17.0.12\lib\security
Security providers: [SUN version 17, SunRsaSign version 17, SunEC version 17, SunJSSE version 17, SunJCE version 17, SunJGSS version 17, SunSASL version 17, XMLDSig version 17, SunPCSC version 17, JdkLDAP version 17, JdkSASL version 17, SunMSCAPI version 17, SunPKCS11 version 17, OracleJSSE version 1.0, OracleJSSE103 version 1.0]
SSLContext provider info: Sun JSSE provider(PKCS12, SunX509/PKIX key/trust factories, SSLv3/TLSv1/TLSv1.1/TLSv1.2/TLSv1.3/DTLSv1.0/DTLSv1.2)
SSLContext provider services:
[SunJSSE: SSLContext.TLSv1 -> sun.security.ssl.SSLContextImpl$TLS10Context
  aliases: [SSLv3]
, SunJSSE: TrustManagerFactory.PKIX -> sun.security.ssl.TrustManagerFactoryImpl$PKIXFactory
  aliases: [SunPKIX, X509, X.509]
, SunJSSE: KeyManagerFactory.NewSunX509 -> sun.security.ssl.KeyManagerFactoryImpl$X509
  aliases: [PKIX]
, SunJSSE: SSLContext.DTLSv1.0 -> sun.security.ssl.SSLContextImpl$DTLS10Context
, SunJSSE: SSLContext.DTLS -> sun.security.ssl.SSLContextImpl$DTLSContext
, SunJSSE: SSLContext.DTLSv1.2 -> sun.security.ssl.SSLContextImpl$DTLS12Context
, SunJSSE: SSLContext.TLS -> sun.security.ssl.SSLContextImpl$TLSContext
  aliases: [SSL]
, SunJSSE: SSLContext.Default -> sun.security.ssl.SSLContextImpl$DefaultSSLContext
, SunJSSE: SSLContext.TLSv1.2 -> sun.security.ssl.SSLContextImpl$TLS12Context
, SunJSSE: SSLContext.TLSv1.1 -> sun.security.ssl.SSLContextImpl$TLS11Context
, SunJSSE: Signature.MD5andSHA1withRSA -> sun.security.ssl.RSASignature
, SunJSSE: KeyStore.PKCS12 -> sun.security.pkcs12.PKCS12KeyStore
, SunJSSE: SSLContext.TLSv1.3 -> sun.security.ssl.SSLContextImpl$TLS13Context
, SunJSSE: TrustManagerFactory.SunX509 -> sun.security.ssl.TrustManagerFactoryImpl$SimpleFactory
, SunJSSE: KeyManagerFactory.SunX509 -> sun.security.ssl.KeyManagerFactoryImpl$SunX509
]
java.ext.dirs: null
com.microsoft.sqlserver.jdbc.SQLServerException: El controlador no pudo establecer una conexión segura con SQL Server con el cifrado de Capa de sockets seguros (SSL). Error: "The server selected protocol version TLS10 is not accepted by client preferences [TLS13, TLS12]". ClientConnectionId:b49d61e0-088b-41e6-b03e-a8dccec79463
	at com.microsoft.sqlserver.jdbc.SQLServerConnection.terminate(SQLServerConnection.java:1667)
	at com.microsoft.sqlserver.jdbc.TDSChannel.enableSSL(IOBuffer.java:1668)
	at com.microsoft.sqlserver.jdbc.SQLServerConnection.connectHelper(SQLServerConnection.java:1323)
	at com.microsoft.sqlserver.jdbc.SQLServerConnection.login(SQLServerConnection.java:991)
	at com.microsoft.sqlserver.jdbc.SQLServerConnection.connect(SQLServerConnection.java:827)
	at com.microsoft.sqlserver.jdbc.SQLServerDriver.connect(SQLServerDriver.java:1012)
	at java.sql/java.sql.DriverManager.getConnection(DriverManager.java:681)
	at java.sql/java.sql.DriverManager.getConnection(DriverManager.java:229)
	at framework.DBManager.connectToCLSTGSQLQ83(DBManager.java:403)
	at framework.DBManager.<init>(DBManager.java:70)
	at framework.TestScriptBD.<init>(TestScriptBD.java:26)
	at framework.TestScriptUtil.<init>(TestScriptUtil.java:44)
	at framework.Login.<init>(Login.java:16)
	at framework.TestScriptWebSelenium.<init>(TestScriptWebSelenium.java:108)
	at framework.generalUtilities.HookPersonas.setup(HookPersonas.java:30)
	at java.base/jdk.internal.reflect.NativeMethodAccessorImpl.invoke0(Native Method)
	at java.base/jdk.internal.reflect.NativeMethodAccessorImpl.invoke(NativeMethodAccessorImpl.java:77)
	at java.base/jdk.internal.reflect.DelegatingMethodAccessorImpl.invoke(DelegatingMethodAccessorImpl.java:43)
	at java.base/java.lang.reflect.Method.invoke(Method.java:569)
	at org.testng.internal.invokers.MethodInvocationHelper.invokeMethod(MethodInvocationHelper.java:135)
	at org.testng.internal.invokers.MethodInvocationHelper.invokeMethodConsideringTimeout(MethodInvocationHelper.java:65)
	at org.testng.internal.invokers.ConfigInvoker.invokeConfigurationMethod(ConfigInvoker.java:381)
	at org.testng.internal.invokers.ConfigInvoker.invokeConfigurations(ConfigInvoker.java:319)
	at org.testng.internal.invokers.TestInvoker.runConfigMethods(TestInvoker.java:803)
	at org.testng.internal.invokers.TestInvoker.invokeMethod(TestInvoker.java:589)
	at org.testng.internal.invokers.TestInvoker.invokeTestMethod(TestInvoker.java:220)
	at org.testng.internal.invokers.MethodRunner.runInSequence(MethodRunner.java:50)
	at org.testng.internal.invokers.TestInvoker$MethodInvocationAgent.invoke(TestInvoker.java:945)
	at org.testng.internal.invokers.TestInvoker.invokeTestMethods(TestInvoker.java:193)
	at org.testng.internal.invokers.TestMethodWorker.invokeTestMethods(TestMethodWorker.java:146)
	at org.testng.internal.invokers.TestMethodWorker.run(TestMethodWorker.java:128)
	at java.base/java.util.ArrayList.forEach(ArrayList.java:1511)
	at org.testng.TestRunner.privateRun(TestRunner.java:808)
	at org.testng.TestRunner.run(TestRunner.java:603)
	at org.testng.SuiteRunner.runTest(SuiteRunner.java:429)
	at org.testng.SuiteRunner.runSequentially(SuiteRunner.java:423)
	at org.testng.SuiteRunner.privateRun(SuiteRunner.java:383)
	at org.testng.SuiteRunner.run(SuiteRunner.java:326)
	at org.testng.SuiteRunnerWorker.runSuite(SuiteRunnerWorker.java:52)
	at org.testng.SuiteRunnerWorker.run(SuiteRunnerWorker.java:95)
	at org.testng.TestNG.runSuitesSequentially(TestNG.java:1249)
	at org.testng.TestNG.runSuitesLocally(TestNG.java:1169)
	at org.testng.TestNG.runSuites(TestNG.java:1092)
	at org.testng.TestNG.run(TestNG.java:1060)
	at org.gradle.api.internal.tasks.testing.testng.TestNGTestClassProcessor.runTests(TestNGTestClassProcessor.java:141)
	at org.gradle.api.internal.tasks.testing.testng.TestNGTestClassProcessor.stop(TestNGTestClassProcessor.java:90)
	at org.gradle.api.internal.tasks.testing.SuiteTestClassProcessor.stop(SuiteTestClassProcessor.java:61)
	at java.base/jdk.internal.reflect.NativeMethodAccessorImpl.invoke0(Native Method)
	at java.base/jdk.internal.reflect.NativeMethodAccessorImpl.invoke(NativeMethodAccessorImpl.java:77)
	at java.base/jdk.internal.reflect.DelegatingMethodAccessorImpl.invoke(DelegatingMethodAccessorImpl.java:43)
	at java.base/java.lang.reflect.Method.invoke(Method.java:569)
	at org.gradle.internal.dispatch.ReflectionDispatch.dispatch(ReflectionDispatch.java:36)
	at org.gradle.internal.dispatch.ReflectionDispatch.dispatch(ReflectionDispatch.java:24)
	at org.gradle.internal.dispatch.ContextClassLoaderDispatch.dispatch(ContextClassLoaderDispatch.java:33)
	at org.gradle.internal.dispatch.ProxyDispatchAdapter$DispatchingInvocationHandler.invoke(ProxyDispatchAdapter.java:94)
	at jdk.proxy1/jdk.proxy1.$Proxy2.stop(Unknown Source)
	at org.gradle.api.internal.tasks.testing.worker.TestWorker$3.run(TestWorker.java:193)
	at org.gradle.api.internal.tasks.testing.worker.TestWorker.executeAndMaintainThreadName(TestWorker.java:129)
	at org.gradle.api.internal.tasks.testing.worker.TestWorker.execute(TestWorker.java:100)
	at org.gradle.api.internal.tasks.testing.worker.TestWorker.execute(TestWorker.java:60)
	at org.gradle.process.internal.worker.child.ActionExecutionWorker.execute(ActionExecutionWorker.java:56)
	at org.gradle.process.internal.worker.child.SystemApplicationClassLoaderWorker.call(SystemApplicationClassLoaderWorker.java:133)
	at org.gradle.process.internal.worker.child.SystemApplicationClassLoaderWorker.call(SystemApplicationClassLoaderWorker.java:71)
	at worker.org.gradle.process.internal.worker.GradleWorkerMain.run(GradleWorkerMain.java:69)
	at worker.org.gradle.process.internal.worker.GradleWorkerMain.main(GradleWorkerMain.java:74)
Caused by: javax.net.ssl.SSLHandshakeException: The server selected protocol version TLS10 is not accepted by client preferences [TLS13, TLS12]
	at java.base/sun.security.ssl.Alert.createSSLException(Alert.java:131)
	at java.base/sun.security.ssl.Alert.createSSLException(Alert.java:117)
	at java.base/sun.security.ssl.TransportContext.fatal(TransportContext.java:365)
	at java.base/sun.security.ssl.TransportContext.fatal(TransportContext.java:321)
	at java.base/sun.security.ssl.TransportContext.fatal(TransportContext.java:312)
	at java.base/sun.security.ssl.ServerHello$ServerHelloConsumer.onServerHello(ServerHello.java:981)
	at java.base/sun.security.ssl.ServerHello$ServerHelloConsumer.consume(ServerHello.java:903)
	at java.base/sun.security.ssl.SSLHandshake.consume(SSLHandshake.java:396)
	at java.base/sun.security.ssl.HandshakeContext.dispatch(HandshakeContext.java:480)
	at java.base/sun.security.ssl.HandshakeContext.dispatch(HandshakeContext.java:458)
	at java.base/sun.security.ssl.TransportContext.dispatch(TransportContext.java:201)
	at java.base/sun.security.ssl.SSLTransport.decode(SSLTransport.java:172)
	at java.base/sun.security.ssl.SSLSocketImpl.decode(SSLSocketImpl.java:1510)
	at java.base/sun.security.ssl.SSLSocketImpl.readHandshakeRecord(SSLSocketImpl.java:1425)
	at java.base/sun.security.ssl.SSLSocketImpl.startHandshake(SSLSocketImpl.java:455)
	at java.base/sun.security.ssl.SSLSocketImpl.startHandshake(SSLSocketImpl.java:426)
	at com.microsoft.sqlserver.jdbc.TDSChannel.enableSSL(IOBuffer.java:1618)
	... 63 more
nov. 25, 2024 11:40:30 A. M. com.microsoft.sqlserver.jdbc.TDSChannel enableSSL
INFORMACIÓN: java.security path: C:\Users\EMRR6950\.jdks\azul-17.0.12\lib\security
Security providers: [SUN version 17, SunRsaSign version 17, SunEC version 17, SunJSSE version 17, SunJCE version 17, SunJGSS version 17, SunSASL version 17, XMLDSig version 17, SunPCSC version 17, JdkLDAP version 17, JdkSASL version 17, SunMSCAPI version 17, SunPKCS11 version 17, OracleJSSE version 1.0, OracleJSSE103 version 1.0]
SSLContext provider info: Sun JSSE provider(PKCS12, SunX509/PKIX key/trust factories, SSLv3/TLSv1/TLSv1.1/TLSv1.2/TLSv1.3/DTLSv1.0/DTLSv1.2)
SSLContext provider services:
[SunJSSE: SSLContext.TLSv1 -> sun.security.ssl.SSLContextImpl$TLS10Context
  aliases: [SSLv3]
, SunJSSE: TrustManagerFactory.PKIX -> sun.security.ssl.TrustManagerFactoryImpl$PKIXFactory
  aliases: [SunPKIX, X509, X.509]
, SunJSSE: KeyManagerFactory.NewSunX509 -> sun.security.ssl.KeyManagerFactoryImpl$X509
  aliases: [PKIX]
, SunJSSE: SSLContext.DTLSv1.0 -> sun.security.ssl.SSLContextImpl$DTLS10Context
, SunJSSE: SSLContext.DTLS -> sun.security.ssl.SSLContextImpl$DTLSContext
, SunJSSE: SSLContext.DTLSv1.2 -> sun.security.ssl.SSLContextImpl$DTLS12Context
, SunJSSE: SSLContext.TLS -> sun.security.ssl.SSLContextImpl$TLSContext
  aliases: [SSL]
, SunJSSE: SSLContext.Default -> sun.security.ssl.SSLContextImpl$DefaultSSLContext
, SunJSSE: SSLContext.TLSv1.2 -> sun.security.ssl.SSLContextImpl$TLS12Context
, SunJSSE: SSLContext.TLSv1.1 -> sun.security.ssl.SSLContextImpl$TLS11Context
, SunJSSE: Signature.MD5andSHA1withRSA -> sun.security.ssl.RSASignature
, SunJSSE: KeyStore.PKCS12 -> sun.security.pkcs12.PKCS12KeyStore
, SunJSSE: SSLContext.TLSv1.3 -> sun.security.ssl.SSLContextImpl$TLS13Context
, SunJSSE: TrustManagerFactory.SunX509 -> sun.security.ssl.TrustManagerFactoryImpl$SimpleFactory
, SunJSSE: KeyManagerFactory.SunX509 -> sun.security.ssl.KeyManagerFactoryImpl$SunX509
]
java.ext.dirs: null
com.microsoft.sqlserver.jdbc.SQLServerException: El controlador no pudo establecer una conexión segura con SQL Server con el cifrado de Capa de sockets seguros (SSL). Error: "The server selected protocol version TLS10 is not accepted by client preferences [TLS13, TLS12]". ClientConnectionId:a5873a59-53dd-40b8-8a82-ea163515dffa
	at com.microsoft.sqlserver.jdbc.SQLServerConnection.terminate(SQLServerConnection.java:1667)
	at com.microsoft.sqlserver.jdbc.TDSChannel.enableSSL(IOBuffer.java:1668)
	at com.microsoft.sqlserver.jdbc.SQLServerConnection.connectHelper(SQLServerConnection.java:1323)
	at com.microsoft.sqlserver.jdbc.SQLServerConnection.login(SQLServerConnection.java:991)
	at com.microsoft.sqlserver.jdbc.SQLServerConnection.connect(SQLServerConnection.java:827)
	at com.microsoft.sqlserver.jdbc.SQLServerDriver.connect(SQLServerDriver.java:1012)
	at java.sql/java.sql.DriverManager.getConnection(DriverManager.java:681)
	at java.sql/java.sql.DriverManager.getConnection(DriverManager.java:229)
	at framework.DBManager.connectToCLSTGSQLQ20(DBManager.java:236)
	at framework.DBManager.<init>(DBManager.java:63)
	at framework.Login.<init>(Login.java:22)
	at framework.TestScriptWebSelenium.<init>(TestScriptWebSelenium.java:108)
	at framework.generalUtilities.HookPersonas.setup(HookPersonas.java:30)
	at java.base/jdk.internal.reflect.NativeMethodAccessorImpl.invoke0(Native Method)
	at java.base/jdk.internal.reflect.NativeMethodAccessorImpl.invoke(NativeMethodAccessorImpl.java:77)
	at java.base/jdk.internal.reflect.DelegatingMethodAccessorImpl.invoke(DelegatingMethodAccessorImpl.java:43)
	at java.base/java.lang.reflect.Method.invoke(Method.java:569)
	at org.testng.internal.invokers.MethodInvocationHelper.invokeMethod(MethodInvocationHelper.java:135)
	at org.testng.internal.invokers.MethodInvocationHelper.invokeMethodConsideringTimeout(MethodInvocationHelper.java:65)
	at org.testng.internal.invokers.ConfigInvoker.invokeConfigurationMethod(ConfigInvoker.java:381)
	at org.testng.internal.invokers.ConfigInvoker.invokeConfigurations(ConfigInvoker.java:319)
	at org.testng.internal.invokers.TestInvoker.runConfigMethods(TestInvoker.java:803)
	at org.testng.internal.invokers.TestInvoker.invokeMethod(TestInvoker.java:589)
	at org.testng.internal.invokers.TestInvoker.invokeTestMethod(TestInvoker.java:220)
	at org.testng.internal.invokers.MethodRunner.runInSequence(MethodRunner.java:50)
	at org.testng.internal.invokers.TestInvoker$MethodInvocationAgent.invoke(TestInvoker.java:945)
	at org.testng.internal.invokers.TestInvoker.invokeTestMethods(TestInvoker.java:193)
	at org.testng.internal.invokers.TestMethodWorker.invokeTestMethods(TestMethodWorker.java:146)
	at org.testng.internal.invokers.TestMethodWorker.run(TestMethodWorker.java:128)
	at java.base/java.util.ArrayList.forEach(ArrayList.java:1511)
	at org.testng.TestRunner.privateRun(TestRunner.java:808)
	at org.testng.TestRunner.run(TestRunner.java:603)
	at org.testng.SuiteRunner.runTest(SuiteRunner.java:429)
	at org.testng.SuiteRunner.runSequentially(SuiteRunner.java:423)
	at org.testng.SuiteRunner.privateRun(SuiteRunner.java:383)
	at org.testng.SuiteRunner.run(SuiteRunner.java:326)
	at org.testng.SuiteRunnerWorker.runSuite(SuiteRunnerWorker.java:52)
	at org.testng.SuiteRunnerWorker.run(SuiteRunnerWorker.java:95)
	at org.testng.TestNG.runSuitesSequentially(TestNG.java:1249)
	at org.testng.TestNG.runSuitesLocally(TestNG.java:1169)
	at org.testng.TestNG.runSuites(TestNG.java:1092)
	at org.testng.TestNG.run(TestNG.java:1060)
	at org.gradle.api.internal.tasks.testing.testng.TestNGTestClassProcessor.runTests(TestNGTestClassProcessor.java:141)
	at org.gradle.api.internal.tasks.testing.testng.TestNGTestClassProcessor.stop(TestNGTestClassProcessor.java:90)
	at org.gradle.api.internal.tasks.testing.SuiteTestClassProcessor.stop(SuiteTestClassProcessor.java:61)
	at java.base/jdk.internal.reflect.NativeMethodAccessorImpl.invoke0(Native Method)
	at java.base/jdk.internal.reflect.NativeMethodAccessorImpl.invoke(NativeMethodAccessorImpl.java:77)
	at java.base/jdk.internal.reflect.DelegatingMethodAccessorImpl.invoke(DelegatingMethodAccessorImpl.java:43)
	at java.base/java.lang.reflect.Method.invoke(Method.java:569)
	at org.gradle.internal.dispatch.ReflectionDispatch.dispatch(ReflectionDispatch.java:36)
	at org.gradle.internal.dispatch.ReflectionDispatch.dispatch(ReflectionDispatch.java:24)
	at org.gradle.internal.dispatch.ContextClassLoaderDispatch.dispatch(ContextClassLoaderDispatch.java:33)
	at org.gradle.internal.dispatch.ProxyDispatchAdapter$DispatchingInvocationHandler.invoke(ProxyDispatchAdapter.java:94)
	at jdk.proxy1/jdk.proxy1.$Proxy2.stop(Unknown Source)
	at org.gradle.api.internal.tasks.testing.worker.TestWorker$3.run(TestWorker.java:193)
	at org.gradle.api.internal.tasks.testing.worker.TestWorker.executeAndMaintainThreadName(TestWorker.java:129)
	at org.gradle.api.internal.tasks.testing.worker.TestWorker.execute(TestWorker.java:100)
	at org.gradle.api.internal.tasks.testing.worker.TestWorker.execute(TestWorker.java:60)
	at org.gradle.process.internal.worker.child.ActionExecutionWorker.execute(ActionExecutionWorker.java:56)
	at org.gradle.process.internal.worker.child.SystemApplicationClassLoaderWorker.call(SystemApplicationClassLoaderWorker.java:133)
	at org.gradle.process.internal.worker.child.SystemApplicationClassLoaderWorker.call(SystemApplicationClassLoaderWorker.java:71)
	at worker.org.gradle.process.internal.worker.GradleWorkerMain.run(GradleWorkerMain.java:69)
	at worker.org.gradle.process.internal.worker.GradleWorkerMain.main(GradleWorkerMain.java:74)
Caused by: javax.net.ssl.SSLHandshakeException: The server selected protocol version TLS10 is not accepted by client preferences [TLS13, TLS12]
	at java.base/sun.security.ssl.Alert.createSSLException(Alert.java:131)
	at java.base/sun.security.ssl.Alert.createSSLException(Alert.java:117)
	at java.base/sun.security.ssl.TransportContext.fatal(TransportContext.java:365)
	at java.base/sun.security.ssl.TransportContext.fatal(TransportContext.java:321)
	at java.base/sun.security.ssl.TransportContext.fatal(TransportContext.java:312)
	at java.base/sun.security.ssl.ServerHello$ServerHelloConsumer.onServerHello(ServerHello.java:981)
	at java.base/sun.security.ssl.ServerHello$ServerHelloConsumer.consume(ServerHello.java:903)
	at java.base/sun.security.ssl.SSLHandshake.consume(SSLHandshake.java:396)
	at java.base/sun.security.ssl.HandshakeContext.dispatch(HandshakeContext.java:480)
	at java.base/sun.security.ssl.HandshakeContext.dispatch(HandshakeContext.java:458)
	at java.base/sun.security.ssl.TransportContext.dispatch(TransportContext.java:201)
	at java.base/sun.security.ssl.SSLTransport.decode(SSLTransport.java:172)
	at java.base/sun.security.ssl.SSLSocketImpl.decode(SSLSocketImpl.java:1510)
	at java.base/sun.security.ssl.SSLSocketImpl.readHandshakeRecord(SSLSocketImpl.java:1425)
	at java.base/sun.security.ssl.SSLSocketImpl.startHandshake(SSLSocketImpl.java:455)
	at java.base/sun.security.ssl.SSLSocketImpl.startHandshake(SSLSocketImpl.java:426)
	at com.microsoft.sqlserver.jdbc.TDSChannel.enableSSL(IOBuffer.java:1618)
	... 61 more
nov. 25, 2024 11:40:31 A. M. com.microsoft.sqlserver.jdbc.TDSChannel enableSSL
INFORMACIÓN: java.security path: C:\Users\EMRR6950\.jdks\azul-17.0.12\lib\security
Security providers: [SUN version 17, SunRsaSign version 17, SunEC version 17, SunJSSE version 17, SunJCE version 17, SunJGSS version 17, SunSASL version 17, XMLDSig version 17, SunPCSC version 17, JdkLDAP version 17, JdkSASL version 17, SunMSCAPI version 17, SunPKCS11 version 17, OracleJSSE version 1.0, OracleJSSE103 version 1.0]
SSLContext provider info: Sun JSSE provider(PKCS12, SunX509/PKIX key/trust factories, SSLv3/TLSv1/TLSv1.1/TLSv1.2/TLSv1.3/DTLSv1.0/DTLSv1.2)
SSLContext provider services:
[SunJSSE: SSLContext.TLSv1 -> sun.security.ssl.SSLContextImpl$TLS10Context
  aliases: [SSLv3]
, SunJSSE: TrustManagerFactory.PKIX -> sun.security.ssl.TrustManagerFactoryImpl$PKIXFactory
  aliases: [SunPKIX, X509, X.509]
, SunJSSE: KeyManagerFactory.NewSunX509 -> sun.security.ssl.KeyManagerFactoryImpl$X509
  aliases: [PKIX]
, SunJSSE: SSLContext.DTLSv1.0 -> sun.security.ssl.SSLContextImpl$DTLS10Context
, SunJSSE: SSLContext.DTLS -> sun.security.ssl.SSLContextImpl$DTLSContext
, SunJSSE: SSLContext.DTLSv1.2 -> sun.security.ssl.SSLContextImpl$DTLS12Context
, SunJSSE: SSLContext.TLS -> sun.security.ssl.SSLContextImpl$TLSContext
  aliases: [SSL]
, SunJSSE: SSLContext.Default -> sun.security.ssl.SSLContextImpl$DefaultSSLContext
, SunJSSE: SSLContext.TLSv1.2 -> sun.security.ssl.SSLContextImpl$TLS12Context
, SunJSSE: SSLContext.TLSv1.1 -> sun.security.ssl.SSLContextImpl$TLS11Context
, SunJSSE: Signature.MD5andSHA1withRSA -> sun.security.ssl.RSASignature
, SunJSSE: KeyStore.PKCS12 -> sun.security.pkcs12.PKCS12KeyStore
, SunJSSE: SSLContext.TLSv1.3 -> sun.security.ssl.SSLContextImpl$TLS13Context
, SunJSSE: TrustManagerFactory.SunX509 -> sun.security.ssl.TrustManagerFactoryImpl$SimpleFactory
, SunJSSE: KeyManagerFactory.SunX509 -> sun.security.ssl.KeyManagerFactoryImpl$SunX509
]
java.ext.dirs: null
com.microsoft.sqlserver.jdbc.SQLServerException: El controlador no pudo establecer una conexión segura con SQL Server con el cifrado de Capa de sockets seguros (SSL). Error: "The server selected protocol version TLS10 is not accepted by client preferences [TLS13, TLS12]". ClientConnectionId:a235d00d-6465-4cae-8108-9133cf691274
	at com.microsoft.sqlserver.jdbc.SQLServerConnection.terminate(SQLServerConnection.java:1667)
	at com.microsoft.sqlserver.jdbc.TDSChannel.enableSSL(IOBuffer.java:1668)
	at com.microsoft.sqlserver.jdbc.SQLServerConnection.connectHelper(SQLServerConnection.java:1323)
	at com.microsoft.sqlserver.jdbc.SQLServerConnection.login(SQLServerConnection.java:991)
	at com.microsoft.sqlserver.jdbc.SQLServerConnection.connect(SQLServerConnection.java:827)
	at com.microsoft.sqlserver.jdbc.SQLServerDriver.connect(SQLServerDriver.java:1012)
	at java.sql/java.sql.DriverManager.getConnection(DriverManager.java:681)
	at java.sql/java.sql.DriverManager.getConnection(DriverManager.java:229)
	at framework.DBManager.connectToCLSTGSQLQ56(DBManager.java:191)
	at framework.DBManager.<init>(DBManager.java:68)
	at framework.Login.<init>(Login.java:22)
	at framework.TestScriptWebSelenium.<init>(TestScriptWebSelenium.java:108)
	at framework.generalUtilities.HookPersonas.setup(HookPersonas.java:30)
	at java.base/jdk.internal.reflect.NativeMethodAccessorImpl.invoke0(Native Method)
	at java.base/jdk.internal.reflect.NativeMethodAccessorImpl.invoke(NativeMethodAccessorImpl.java:77)
	at java.base/jdk.internal.reflect.DelegatingMethodAccessorImpl.invoke(DelegatingMethodAccessorImpl.java:43)
	at java.base/java.lang.reflect.Method.invoke(Method.java:569)
	at org.testng.internal.invokers.MethodInvocationHelper.invokeMethod(MethodInvocationHelper.java:135)
	at org.testng.internal.invokers.MethodInvocationHelper.invokeMethodConsideringTimeout(MethodInvocationHelper.java:65)
	at org.testng.internal.invokers.ConfigInvoker.invokeConfigurationMethod(ConfigInvoker.java:381)
	at org.testng.internal.invokers.ConfigInvoker.invokeConfigurations(ConfigInvoker.java:319)
	at org.testng.internal.invokers.TestInvoker.runConfigMethods(TestInvoker.java:803)
	at org.testng.internal.invokers.TestInvoker.invokeMethod(TestInvoker.java:589)
	at org.testng.internal.invokers.TestInvoker.invokeTestMethod(TestInvoker.java:220)
	at org.testng.internal.invokers.MethodRunner.runInSequence(MethodRunner.java:50)
	at org.testng.internal.invokers.TestInvoker$MethodInvocationAgent.invoke(TestInvoker.java:945)
	at org.testng.internal.invokers.TestInvoker.invokeTestMethods(TestInvoker.java:193)
	at org.testng.internal.invokers.TestMethodWorker.invokeTestMethods(TestMethodWorker.java:146)
	at org.testng.internal.invokers.TestMethodWorker.run(TestMethodWorker.java:128)
	at java.base/java.util.ArrayList.forEach(ArrayList.java:1511)
	at org.testng.TestRunner.privateRun(TestRunner.java:808)
	at org.testng.TestRunner.run(TestRunner.java:603)
	at org.testng.SuiteRunner.runTest(SuiteRunner.java:429)
	at org.testng.SuiteRunner.runSequentially(SuiteRunner.java:423)
	at org.testng.SuiteRunner.privateRun(SuiteRunner.java:383)
	at org.testng.SuiteRunner.run(SuiteRunner.java:326)
	at org.testng.SuiteRunnerWorker.runSuite(SuiteRunnerWorker.java:52)
	at org.testng.SuiteRunnerWorker.run(SuiteRunnerWorker.java:95)
	at org.testng.TestNG.runSuitesSequentially(TestNG.java:1249)
	at org.testng.TestNG.runSuitesLocally(TestNG.java:1169)
	at org.testng.TestNG.runSuites(TestNG.java:1092)
	at org.testng.TestNG.run(TestNG.java:1060)
	at org.gradle.api.internal.tasks.testing.testng.TestNGTestClassProcessor.runTests(TestNGTestClassProcessor.java:141)
	at org.gradle.api.internal.tasks.testing.testng.TestNGTestClassProcessor.stop(TestNGTestClassProcessor.java:90)
	at org.gradle.api.internal.tasks.testing.SuiteTestClassProcessor.stop(SuiteTestClassProcessor.java:61)
	at java.base/jdk.internal.reflect.NativeMethodAccessorImpl.invoke0(Native Method)
	at java.base/jdk.internal.reflect.NativeMethodAccessorImpl.invoke(NativeMethodAccessorImpl.java:77)
	at java.base/jdk.internal.reflect.DelegatingMethodAccessorImpl.invoke(DelegatingMethodAccessorImpl.java:43)
	at java.base/java.lang.reflect.Method.invoke(Method.java:569)
	at org.gradle.internal.dispatch.ReflectionDispatch.dispatch(ReflectionDispatch.java:36)
	at org.gradle.internal.dispatch.ReflectionDispatch.dispatch(ReflectionDispatch.java:24)
	at org.gradle.internal.dispatch.ContextClassLoaderDispatch.dispatch(ContextClassLoaderDispatch.java:33)
	at org.gradle.internal.dispatch.ProxyDispatchAdapter$DispatchingInvocationHandler.invoke(ProxyDispatchAdapter.java:94)
	at jdk.proxy1/jdk.proxy1.$Proxy2.stop(Unknown Source)
	at org.gradle.api.internal.tasks.testing.worker.TestWorker$3.run(TestWorker.java:193)
	at org.gradle.api.internal.tasks.testing.worker.TestWorker.executeAndMaintainThreadName(TestWorker.java:129)
	at org.gradle.api.internal.tasks.testing.worker.TestWorker.execute(TestWorker.java:100)
	at org.gradle.api.internal.tasks.testing.worker.TestWorker.execute(TestWorker.java:60)
	at org.gradle.process.internal.worker.child.ActionExecutionWorker.execute(ActionExecutionWorker.java:56)
	at org.gradle.process.internal.worker.child.SystemApplicationClassLoaderWorker.call(SystemApplicationClassLoaderWorker.java:133)
	at org.gradle.process.internal.worker.child.SystemApplicationClassLoaderWorker.call(SystemApplicationClassLoaderWorker.java:71)
	at worker.org.gradle.process.internal.worker.GradleWorkerMain.run(GradleWorkerMain.java:69)
	at worker.org.gradle.process.internal.worker.GradleWorkerMain.main(GradleWorkerMain.java:74)
Caused by: javax.net.ssl.SSLHandshakeException: The server selected protocol version TLS10 is not accepted by client preferences [TLS13, TLS12]
	at java.base/sun.security.ssl.Alert.createSSLException(Alert.java:131)
	at java.base/sun.security.ssl.Alert.createSSLException(Alert.java:117)
	at java.base/sun.security.ssl.TransportContext.fatal(TransportContext.java:365)
	at java.base/sun.security.ssl.TransportContext.fatal(TransportContext.java:321)
	at java.base/sun.security.ssl.TransportContext.fatal(TransportContext.java:312)
	at java.base/sun.security.ssl.ServerHello$ServerHelloConsumer.onServerHello(ServerHello.java:981)
	at java.base/sun.security.ssl.ServerHello$ServerHelloConsumer.consume(ServerHello.java:903)
	at java.base/sun.security.ssl.SSLHandshake.consume(SSLHandshake.java:396)
	at java.base/sun.security.ssl.HandshakeContext.dispatch(HandshakeContext.java:480)
	at java.base/sun.security.ssl.HandshakeContext.dispatch(HandshakeContext.java:458)
	at java.base/sun.security.ssl.TransportContext.dispatch(TransportContext.java:201)
	at java.base/sun.security.ssl.SSLTransport.decode(SSLTransport.java:172)
	at java.base/sun.security.ssl.SSLSocketImpl.decode(SSLSocketImpl.java:1510)
	at java.base/sun.security.ssl.SSLSocketImpl.readHandshakeRecord(SSLSocketImpl.java:1425)
	at java.base/sun.security.ssl.SSLSocketImpl.startHandshake(SSLSocketImpl.java:455)
	at java.base/sun.security.ssl.SSLSocketImpl.startHandshake(SSLSocketImpl.java:426)
	at com.microsoft.sqlserver.jdbc.TDSChannel.enableSSL(IOBuffer.java:1618)
	... 61 more
nov. 25, 2024 11:40:31 A. M. com.microsoft.sqlserver.jdbc.TDSChannel enableSSL
INFORMACIÓN: java.security path: C:\Users\EMRR6950\.jdks\azul-17.0.12\lib\security
Security providers: [SUN version 17, SunRsaSign version 17, SunEC version 17, SunJSSE version 17, SunJCE version 17, SunJGSS version 17, SunSASL version 17, XMLDSig version 17, SunPCSC version 17, JdkLDAP version 17, JdkSASL version 17, SunMSCAPI version 17, SunPKCS11 version 17, OracleJSSE version 1.0, OracleJSSE103 version 1.0]
SSLContext provider info: Sun JSSE provider(PKCS12, SunX509/PKIX key/trust factories, SSLv3/TLSv1/TLSv1.1/TLSv1.2/TLSv1.3/DTLSv1.0/DTLSv1.2)
SSLContext provider services:
[SunJSSE: SSLContext.TLSv1 -> sun.security.ssl.SSLContextImpl$TLS10Context
  aliases: [SSLv3]
, SunJSSE: TrustManagerFactory.PKIX -> sun.security.ssl.TrustManagerFactoryImpl$PKIXFactory
  aliases: [SunPKIX, X509, X.509]
, SunJSSE: KeyManagerFactory.NewSunX509 -> sun.security.ssl.KeyManagerFactoryImpl$X509
  aliases: [PKIX]
, SunJSSE: SSLContext.DTLSv1.0 -> sun.security.ssl.SSLContextImpl$DTLS10Context
, SunJSSE: SSLContext.DTLS -> sun.security.ssl.SSLContextImpl$DTLSContext
, SunJSSE: SSLContext.DTLSv1.2 -> sun.security.ssl.SSLContextImpl$DTLS12Context
, SunJSSE: SSLContext.TLS -> sun.security.ssl.SSLContextImpl$TLSContext
  aliases: [SSL]
, SunJSSE: SSLContext.Default -> sun.security.ssl.SSLContextImpl$DefaultSSLContext
, SunJSSE: SSLContext.TLSv1.2 -> sun.security.ssl.SSLContextImpl$TLS12Context
, SunJSSE: SSLContext.TLSv1.1 -> sun.security.ssl.SSLContextImpl$TLS11Context
, SunJSSE: Signature.MD5andSHA1withRSA -> sun.security.ssl.RSASignature
, SunJSSE: KeyStore.PKCS12 -> sun.security.pkcs12.PKCS12KeyStore
, SunJSSE: SSLContext.TLSv1.3 -> sun.security.ssl.SSLContextImpl$TLS13Context
, SunJSSE: TrustManagerFactory.SunX509 -> sun.security.ssl.TrustManagerFactoryImpl$SimpleFactory
, SunJSSE: KeyManagerFactory.SunX509 -> sun.security.ssl.KeyManagerFactoryImpl$SunX509
]
java.ext.dirs: null
com.microsoft.sqlserver.jdbc.SQLServerException: El controlador no pudo establecer una conexión segura con SQL Server con el cifrado de Capa de sockets seguros (SSL). Error: "The server selected protocol version TLS10 is not accepted by client preferences [TLS13, TLS12]". ClientConnectionId:24066562-d11b-43b5-8e70-77522c3f3111
	at com.microsoft.sqlserver.jdbc.SQLServerConnection.terminate(SQLServerConnection.java:1667)
	at com.microsoft.sqlserver.jdbc.TDSChannel.enableSSL(IOBuffer.java:1668)
	at com.microsoft.sqlserver.jdbc.SQLServerConnection.connectHelper(SQLServerConnection.java:1323)
	at com.microsoft.sqlserver.jdbc.SQLServerConnection.login(SQLServerConnection.java:991)
	at com.microsoft.sqlserver.jdbc.SQLServerConnection.connect(SQLServerConnection.java:827)
	at com.microsoft.sqlserver.jdbc.SQLServerDriver.connect(SQLServerDriver.java:1012)
	at java.sql/java.sql.DriverManager.getConnection(DriverManager.java:681)
	at java.sql/java.sql.DriverManager.getConnection(DriverManager.java:229)
	at framework.DBManager.connectToCLSTGSQLQ83(DBManager.java:403)
	at framework.DBManager.<init>(DBManager.java:70)
	at framework.Login.<init>(Login.java:22)
	at framework.TestScriptWebSelenium.<init>(TestScriptWebSelenium.java:108)
	at framework.generalUtilities.HookPersonas.setup(HookPersonas.java:30)
	at java.base/jdk.internal.reflect.NativeMethodAccessorImpl.invoke0(Native Method)
	at java.base/jdk.internal.reflect.NativeMethodAccessorImpl.invoke(NativeMethodAccessorImpl.java:77)
	at java.base/jdk.internal.reflect.DelegatingMethodAccessorImpl.invoke(DelegatingMethodAccessorImpl.java:43)
	at java.base/java.lang.reflect.Method.invoke(Method.java:569)
	at org.testng.internal.invokers.MethodInvocationHelper.invokeMethod(MethodInvocationHelper.java:135)
	at org.testng.internal.invokers.MethodInvocationHelper.invokeMethodConsideringTimeout(MethodInvocationHelper.java:65)
	at org.testng.internal.invokers.ConfigInvoker.invokeConfigurationMethod(ConfigInvoker.java:381)
	at org.testng.internal.invokers.ConfigInvoker.invokeConfigurations(ConfigInvoker.java:319)
	at org.testng.internal.invokers.TestInvoker.runConfigMethods(TestInvoker.java:803)
	at org.testng.internal.invokers.TestInvoker.invokeMethod(TestInvoker.java:589)
	at org.testng.internal.invokers.TestInvoker.invokeTestMethod(TestInvoker.java:220)
	at org.testng.internal.invokers.MethodRunner.runInSequence(MethodRunner.java:50)
	at org.testng.internal.invokers.TestInvoker$MethodInvocationAgent.invoke(TestInvoker.java:945)
	at org.testng.internal.invokers.TestInvoker.invokeTestMethods(TestInvoker.java:193)
	at org.testng.internal.invokers.TestMethodWorker.invokeTestMethods(TestMethodWorker.java:146)
	at org.testng.internal.invokers.TestMethodWorker.run(TestMethodWorker.java:128)
	at java.base/java.util.ArrayList.forEach(ArrayList.java:1511)
	at org.testng.TestRunner.privateRun(TestRunner.java:808)
	at org.testng.TestRunner.run(TestRunner.java:603)
	at org.testng.SuiteRunner.runTest(SuiteRunner.java:429)
	at org.testng.SuiteRunner.runSequentially(SuiteRunner.java:423)
	at org.testng.SuiteRunner.privateRun(SuiteRunner.java:383)
	at org.testng.SuiteRunner.run(SuiteRunner.java:326)
	at org.testng.SuiteRunnerWorker.runSuite(SuiteRunnerWorker.java:52)
	at org.testng.SuiteRunnerWorker.run(SuiteRunnerWorker.java:95)
	at org.testng.TestNG.runSuitesSequentially(TestNG.java:1249)
	at org.testng.TestNG.runSuitesLocally(TestNG.java:1169)
	at org.testng.TestNG.runSuites(TestNG.java:1092)
	at org.testng.TestNG.run(TestNG.java:1060)
	at org.gradle.api.internal.tasks.testing.testng.TestNGTestClassProcessor.runTests(TestNGTestClassProcessor.java:141)
	at org.gradle.api.internal.tasks.testing.testng.TestNGTestClassProcessor.stop(TestNGTestClassProcessor.java:90)
	at org.gradle.api.internal.tasks.testing.SuiteTestClassProcessor.stop(SuiteTestClassProcessor.java:61)
	at java.base/jdk.internal.reflect.NativeMethodAccessorImpl.invoke0(Native Method)
	at java.base/jdk.internal.reflect.NativeMethodAccessorImpl.invoke(NativeMethodAccessorImpl.java:77)
	at java.base/jdk.internal.reflect.DelegatingMethodAccessorImpl.invoke(DelegatingMethodAccessorImpl.java:43)
	at java.base/java.lang.reflect.Method.invoke(Method.java:569)
	at org.gradle.internal.dispatch.ReflectionDispatch.dispatch(ReflectionDispatch.java:36)
	at org.gradle.internal.dispatch.ReflectionDispatch.dispatch(ReflectionDispatch.java:24)
	at org.gradle.internal.dispatch.ContextClassLoaderDispatch.dispatch(ContextClassLoaderDispatch.java:33)
	at org.gradle.internal.dispatch.ProxyDispatchAdapter$DispatchingInvocationHandler.invoke(ProxyDispatchAdapter.java:94)
	at jdk.proxy1/jdk.proxy1.$Proxy2.stop(Unknown Source)
	at org.gradle.api.internal.tasks.testing.worker.TestWorker$3.run(TestWorker.java:193)
	at org.gradle.api.internal.tasks.testing.worker.TestWorker.executeAndMaintainThreadName(TestWorker.java:129)
	at org.gradle.api.internal.tasks.testing.worker.TestWorker.execute(TestWorker.java:100)
	at org.gradle.api.internal.tasks.testing.worker.TestWorker.execute(TestWorker.java:60)
	at org.gradle.process.internal.worker.child.ActionExecutionWorker.execute(ActionExecutionWorker.java:56)
	at org.gradle.process.internal.worker.child.SystemApplicationClassLoaderWorker.call(SystemApplicationClassLoaderWorker.java:133)
	at org.gradle.process.internal.worker.child.SystemApplicationClassLoaderWorker.call(SystemApplicationClassLoaderWorker.java:71)
	at worker.org.gradle.process.internal.worker.GradleWorkerMain.run(GradleWorkerMain.java:69)
	at worker.org.gradle.process.internal.worker.GradleWorkerMain.main(GradleWorkerMain.java:74)
Caused by: javax.net.ssl.SSLHandshakeException: The server selected protocol version TLS10 is not accepted by client preferences [TLS13, TLS12]
	at java.base/sun.security.ssl.Alert.createSSLException(Alert.java:131)
	at java.base/sun.security.ssl.Alert.createSSLException(Alert.java:117)
	at java.base/sun.security.ssl.TransportContext.fatal(TransportContext.java:365)
	at java.base/sun.security.ssl.TransportContext.fatal(TransportContext.java:321)
	at java.base/sun.security.ssl.TransportContext.fatal(TransportContext.java:312)
	at java.base/sun.security.ssl.ServerHello$ServerHelloConsumer.onServerHello(ServerHello.java:981)
	at java.base/sun.security.ssl.ServerHello$ServerHelloConsumer.consume(ServerHello.java:903)
	at java.base/sun.security.ssl.SSLHandshake.consume(SSLHandshake.java:396)
	at java.base/sun.security.ssl.HandshakeContext.dispatch(HandshakeContext.java:480)
	at java.base/sun.security.ssl.HandshakeContext.dispatch(HandshakeContext.java:458)
	at java.base/sun.security.ssl.TransportContext.dispatch(TransportContext.java:201)
	at java.base/sun.security.ssl.SSLTransport.decode(SSLTransport.java:172)
	at java.base/sun.security.ssl.SSLSocketImpl.decode(SSLSocketImpl.java:1510)
	at java.base/sun.security.ssl.SSLSocketImpl.readHandshakeRecord(SSLSocketImpl.java:1425)
	at java.base/sun.security.ssl.SSLSocketImpl.startHandshake(SSLSocketImpl.java:455)
	at java.base/sun.security.ssl.SSLSocketImpl.startHandshake(SSLSocketImpl.java:426)
	at com.microsoft.sqlserver.jdbc.TDSChannel.enableSSL(IOBuffer.java:1618)
	... 61 more
nov. 25, 2024 11:40:32 A. M. com.microsoft.sqlserver.jdbc.TDSChannel enableSSL
INFORMACIÓN: java.security path: C:\Users\EMRR6950\.jdks\azul-17.0.12\lib\security
Security providers: [SUN version 17, SunRsaSign version 17, SunEC version 17, SunJSSE version 17, SunJCE version 17, SunJGSS version 17, SunSASL version 17, XMLDSig version 17, SunPCSC version 17, JdkLDAP version 17, JdkSASL version 17, SunMSCAPI version 17, SunPKCS11 version 17, OracleJSSE version 1.0, OracleJSSE103 version 1.0]
SSLContext provider info: Sun JSSE provider(PKCS12, SunX509/PKIX key/trust factories, SSLv3/TLSv1/TLSv1.1/TLSv1.2/TLSv1.3/DTLSv1.0/DTLSv1.2)
SSLContext provider services:
[SunJSSE: SSLContext.TLSv1 -> sun.security.ssl.SSLContextImpl$TLS10Context
  aliases: [SSLv3]
, SunJSSE: TrustManagerFactory.PKIX -> sun.security.ssl.TrustManagerFactoryImpl$PKIXFactory
  aliases: [SunPKIX, X509, X.509]
, SunJSSE: KeyManagerFactory.NewSunX509 -> sun.security.ssl.KeyManagerFactoryImpl$X509
  aliases: [PKIX]
, SunJSSE: SSLContext.DTLSv1.0 -> sun.security.ssl.SSLContextImpl$DTLS10Context
, SunJSSE: SSLContext.DTLS -> sun.security.ssl.SSLContextImpl$DTLSContext
, SunJSSE: SSLContext.DTLSv1.2 -> sun.security.ssl.SSLContextImpl$DTLS12Context
, SunJSSE: SSLContext.TLS -> sun.security.ssl.SSLContextImpl$TLSContext
  aliases: [SSL]
, SunJSSE: SSLContext.Default -> sun.security.ssl.SSLContextImpl$DefaultSSLContext
, SunJSSE: SSLContext.TLSv1.2 -> sun.security.ssl.SSLContextImpl$TLS12Context
, SunJSSE: SSLContext.TLSv1.1 -> sun.security.ssl.SSLContextImpl$TLS11Context
, SunJSSE: Signature.MD5andSHA1withRSA -> sun.security.ssl.RSASignature
, SunJSSE: KeyStore.PKCS12 -> sun.security.pkcs12.PKCS12KeyStore
, SunJSSE: SSLContext.TLSv1.3 -> sun.security.ssl.SSLContextImpl$TLS13Context
, SunJSSE: TrustManagerFactory.SunX509 -> sun.security.ssl.TrustManagerFactoryImpl$SimpleFactory
, SunJSSE: KeyManagerFactory.SunX509 -> sun.security.ssl.KeyManagerFactoryImpl$SunX509
]
java.ext.dirs: null
com.microsoft.sqlserver.jdbc.SQLServerException: El controlador no pudo establecer una conexión segura con SQL Server con el cifrado de Capa de sockets seguros (SSL). Error: "The server selected protocol version TLS10 is not accepted by client preferences [TLS13, TLS12]". ClientConnectionId:c76f448f-8f80-4a2f-bc15-3ddc139b7cbc
	at com.microsoft.sqlserver.jdbc.SQLServerConnection.terminate(SQLServerConnection.java:1667)
	at com.microsoft.sqlserver.jdbc.TDSChannel.enableSSL(IOBuffer.java:1668)
	at com.microsoft.sqlserver.jdbc.SQLServerConnection.connectHelper(SQLServerConnection.java:1323)
	at com.microsoft.sqlserver.jdbc.SQLServerConnection.login(SQLServerConnection.java:991)
	at com.microsoft.sqlserver.jdbc.SQLServerConnection.connect(SQLServerConnection.java:827)
	at com.microsoft.sqlserver.jdbc.SQLServerDriver.connect(SQLServerDriver.java:1012)
	at java.sql/java.sql.DriverManager.getConnection(DriverManager.java:681)
	at java.sql/java.sql.DriverManager.getConnection(DriverManager.java:229)
	at framework.DBManager.connectToCLSTGSQLQ20(DBManager.java:236)
	at framework.DBManager.<init>(DBManager.java:63)
	at framework.TestScriptWebSelenium.<init>(TestScriptWebSelenium.java:132)
	at framework.generalUtilities.HookPersonas.setup(HookPersonas.java:30)
	at java.base/jdk.internal.reflect.NativeMethodAccessorImpl.invoke0(Native Method)
	at java.base/jdk.internal.reflect.NativeMethodAccessorImpl.invoke(NativeMethodAccessorImpl.java:77)
	at java.base/jdk.internal.reflect.DelegatingMethodAccessorImpl.invoke(DelegatingMethodAccessorImpl.java:43)
	at java.base/java.lang.reflect.Method.invoke(Method.java:569)
	at org.testng.internal.invokers.MethodInvocationHelper.invokeMethod(MethodInvocationHelper.java:135)
	at org.testng.internal.invokers.MethodInvocationHelper.invokeMethodConsideringTimeout(MethodInvocationHelper.java:65)
	at org.testng.internal.invokers.ConfigInvoker.invokeConfigurationMethod(ConfigInvoker.java:381)
	at org.testng.internal.invokers.ConfigInvoker.invokeConfigurations(ConfigInvoker.java:319)
	at org.testng.internal.invokers.TestInvoker.runConfigMethods(TestInvoker.java:803)
	at org.testng.internal.invokers.TestInvoker.invokeMethod(TestInvoker.java:589)
	at org.testng.internal.invokers.TestInvoker.invokeTestMethod(TestInvoker.java:220)
	at org.testng.internal.invokers.MethodRunner.runInSequence(MethodRunner.java:50)
	at org.testng.internal.invokers.TestInvoker$MethodInvocationAgent.invoke(TestInvoker.java:945)
	at org.testng.internal.invokers.TestInvoker.invokeTestMethods(TestInvoker.java:193)
	at org.testng.internal.invokers.TestMethodWorker.invokeTestMethods(TestMethodWorker.java:146)
	at org.testng.internal.invokers.TestMethodWorker.run(TestMethodWorker.java:128)
	at java.base/java.util.ArrayList.forEach(ArrayList.java:1511)
	at org.testng.TestRunner.privateRun(TestRunner.java:808)
	at org.testng.TestRunner.run(TestRunner.java:603)
	at org.testng.SuiteRunner.runTest(SuiteRunner.java:429)
	at org.testng.SuiteRunner.runSequentially(SuiteRunner.java:423)
	at org.testng.SuiteRunner.privateRun(SuiteRunner.java:383)
	at org.testng.SuiteRunner.run(SuiteRunner.java:326)
	at org.testng.SuiteRunnerWorker.runSuite(SuiteRunnerWorker.java:52)
	at org.testng.SuiteRunnerWorker.run(SuiteRunnerWorker.java:95)
	at org.testng.TestNG.runSuitesSequentially(TestNG.java:1249)
	at org.testng.TestNG.runSuitesLocally(TestNG.java:1169)
	at org.testng.TestNG.runSuites(TestNG.java:1092)
	at org.testng.TestNG.run(TestNG.java:1060)
	at org.gradle.api.internal.tasks.testing.testng.TestNGTestClassProcessor.runTests(TestNGTestClassProcessor.java:141)
	at org.gradle.api.internal.tasks.testing.testng.TestNGTestClassProcessor.stop(TestNGTestClassProcessor.java:90)
	at org.gradle.api.internal.tasks.testing.SuiteTestClassProcessor.stop(SuiteTestClassProcessor.java:61)
	at java.base/jdk.internal.reflect.NativeMethodAccessorImpl.invoke0(Native Method)
	at java.base/jdk.internal.reflect.NativeMethodAccessorImpl.invoke(NativeMethodAccessorImpl.java:77)
	at java.base/jdk.internal.reflect.DelegatingMethodAccessorImpl.invoke(DelegatingMethodAccessorImpl.java:43)
	at java.base/java.lang.reflect.Method.invoke(Method.java:569)
	at org.gradle.internal.dispatch.ReflectionDispatch.dispatch(ReflectionDispatch.java:36)
	at org.gradle.internal.dispatch.ReflectionDispatch.dispatch(ReflectionDispatch.java:24)
	at org.gradle.internal.dispatch.ContextClassLoaderDispatch.dispatch(ContextClassLoaderDispatch.java:33)
	at org.gradle.internal.dispatch.ProxyDispatchAdapter$DispatchingInvocationHandler.invoke(ProxyDispatchAdapter.java:94)
	at jdk.proxy1/jdk.proxy1.$Proxy2.stop(Unknown Source)
	at org.gradle.api.internal.tasks.testing.worker.TestWorker$3.run(TestWorker.java:193)
	at org.gradle.api.internal.tasks.testing.worker.TestWorker.executeAndMaintainThreadName(TestWorker.java:129)
	at org.gradle.api.internal.tasks.testing.worker.TestWorker.execute(TestWorker.java:100)
	at org.gradle.api.internal.tasks.testing.worker.TestWorker.execute(TestWorker.java:60)
	at org.gradle.process.internal.worker.child.ActionExecutionWorker.execute(ActionExecutionWorker.java:56)
	at org.gradle.process.internal.worker.child.SystemApplicationClassLoaderWorker.call(SystemApplicationClassLoaderWorker.java:133)
	at org.gradle.process.internal.worker.child.SystemApplicationClassLoaderWorker.call(SystemApplicationClassLoaderWorker.java:71)
	at worker.org.gradle.process.internal.worker.GradleWorkerMain.run(GradleWorkerMain.java:69)
	at worker.org.gradle.process.internal.worker.GradleWorkerMain.main(GradleWorkerMain.java:74)
Caused by: javax.net.ssl.SSLHandshakeException: The server selected protocol version TLS10 is not accepted by client preferences [TLS13, TLS12]
	at java.base/sun.security.ssl.Alert.createSSLException(Alert.java:131)
	at java.base/sun.security.ssl.Alert.createSSLException(Alert.java:117)
	at java.base/sun.security.ssl.TransportContext.fatal(TransportContext.java:365)
	at java.base/sun.security.ssl.TransportContext.fatal(TransportContext.java:321)
	at java.base/sun.security.ssl.TransportContext.fatal(TransportContext.java:312)
	at java.base/sun.security.ssl.ServerHello$ServerHelloConsumer.onServerHello(ServerHello.java:981)
	at java.base/sun.security.ssl.ServerHello$ServerHelloConsumer.consume(ServerHello.java:903)
	at java.base/sun.security.ssl.SSLHandshake.consume(SSLHandshake.java:396)
	at java.base/sun.security.ssl.HandshakeContext.dispatch(HandshakeContext.java:480)
	at java.base/sun.security.ssl.HandshakeContext.dispatch(HandshakeContext.java:458)
	at java.base/sun.security.ssl.TransportContext.dispatch(TransportContext.java:201)
	at java.base/sun.security.ssl.SSLTransport.decode(SSLTransport.java:172)
	at java.base/sun.security.ssl.SSLSocketImpl.decode(SSLSocketImpl.java:1510)
	at java.base/sun.security.ssl.SSLSocketImpl.readHandshakeRecord(SSLSocketImpl.java:1425)
	at java.base/sun.security.ssl.SSLSocketImpl.startHandshake(SSLSocketImpl.java:455)
	at java.base/sun.security.ssl.SSLSocketImpl.startHandshake(SSLSocketImpl.java:426)
	at com.microsoft.sqlserver.jdbc.TDSChannel.enableSSL(IOBuffer.java:1618)
	... 60 more
nov. 25, 2024 11:40:33 A. M. com.microsoft.sqlserver.jdbc.TDSChannel enableSSL
INFORMACIÓN: java.security path: C:\Users\EMRR6950\.jdks\azul-17.0.12\lib\security
Security providers: [SUN version 17, SunRsaSign version 17, SunEC version 17, SunJSSE version 17, SunJCE version 17, SunJGSS version 17, SunSASL version 17, XMLDSig version 17, SunPCSC version 17, JdkLDAP version 17, JdkSASL version 17, SunMSCAPI version 17, SunPKCS11 version 17, OracleJSSE version 1.0, OracleJSSE103 version 1.0]
SSLContext provider info: Sun JSSE provider(PKCS12, SunX509/PKIX key/trust factories, SSLv3/TLSv1/TLSv1.1/TLSv1.2/TLSv1.3/DTLSv1.0/DTLSv1.2)
SSLContext provider services:
[SunJSSE: SSLContext.TLSv1 -> sun.security.ssl.SSLContextImpl$TLS10Context
  aliases: [SSLv3]
, SunJSSE: TrustManagerFactory.PKIX -> sun.security.ssl.TrustManagerFactoryImpl$PKIXFactory
  aliases: [SunPKIX, X509, X.509]
, SunJSSE: KeyManagerFactory.NewSunX509 -> sun.security.ssl.KeyManagerFactoryImpl$X509
  aliases: [PKIX]
, SunJSSE: SSLContext.DTLSv1.0 -> sun.security.ssl.SSLContextImpl$DTLS10Context
, SunJSSE: SSLContext.DTLS -> sun.security.ssl.SSLContextImpl$DTLSContext
, SunJSSE: SSLContext.DTLSv1.2 -> sun.security.ssl.SSLContextImpl$DTLS12Context
, SunJSSE: SSLContext.TLS -> sun.security.ssl.SSLContextImpl$TLSContext
  aliases: [SSL]
, SunJSSE: SSLContext.Default -> sun.security.ssl.SSLContextImpl$DefaultSSLContext
, SunJSSE: SSLContext.TLSv1.2 -> sun.security.ssl.SSLContextImpl$TLS12Context
, SunJSSE: SSLContext.TLSv1.1 -> sun.security.ssl.SSLContextImpl$TLS11Context
, SunJSSE: Signature.MD5andSHA1withRSA -> sun.security.ssl.RSASignature
, SunJSSE: KeyStore.PKCS12 -> sun.security.pkcs12.PKCS12KeyStore
, SunJSSE: SSLContext.TLSv1.3 -> sun.security.ssl.SSLContextImpl$TLS13Context
, SunJSSE: TrustManagerFactory.SunX509 -> sun.security.ssl.TrustManagerFactoryImpl$SimpleFactory
, SunJSSE: KeyManagerFactory.SunX509 -> sun.security.ssl.KeyManagerFactoryImpl$SunX509
]
java.ext.dirs: null
com.microsoft.sqlserver.jdbc.SQLServerException: El controlador no pudo establecer una conexión segura con SQL Server con el cifrado de Capa de sockets seguros (SSL). Error: "The server selected protocol version TLS10 is not accepted by client preferences [TLS13, TLS12]". ClientConnectionId:0f8b4c93-f72f-4939-a525-a78ae8da0aee
	at com.microsoft.sqlserver.jdbc.SQLServerConnection.terminate(SQLServerConnection.java:1667)
	at com.microsoft.sqlserver.jdbc.TDSChannel.enableSSL(IOBuffer.java:1668)
	at com.microsoft.sqlserver.jdbc.SQLServerConnection.connectHelper(SQLServerConnection.java:1323)
	at com.microsoft.sqlserver.jdbc.SQLServerConnection.login(SQLServerConnection.java:991)
	at com.microsoft.sqlserver.jdbc.SQLServerConnection.connect(SQLServerConnection.java:827)
	at com.microsoft.sqlserver.jdbc.SQLServerDriver.connect(SQLServerDriver.java:1012)
	at java.sql/java.sql.DriverManager.getConnection(DriverManager.java:681)
	at java.sql/java.sql.DriverManager.getConnection(DriverManager.java:229)
	at framework.DBManager.connectToCLSTGSQLQ56(DBManager.java:191)
	at framework.DBManager.<init>(DBManager.java:68)
	at framework.TestScriptWebSelenium.<init>(TestScriptWebSelenium.java:132)
	at framework.generalUtilities.HookPersonas.setup(HookPersonas.java:30)
	at java.base/jdk.internal.reflect.NativeMethodAccessorImpl.invoke0(Native Method)
	at java.base/jdk.internal.reflect.NativeMethodAccessorImpl.invoke(NativeMethodAccessorImpl.java:77)
	at java.base/jdk.internal.reflect.DelegatingMethodAccessorImpl.invoke(DelegatingMethodAccessorImpl.java:43)
	at java.base/java.lang.reflect.Method.invoke(Method.java:569)
	at org.testng.internal.invokers.MethodInvocationHelper.invokeMethod(MethodInvocationHelper.java:135)
	at org.testng.internal.invokers.MethodInvocationHelper.invokeMethodConsideringTimeout(MethodInvocationHelper.java:65)
	at org.testng.internal.invokers.ConfigInvoker.invokeConfigurationMethod(ConfigInvoker.java:381)
	at org.testng.internal.invokers.ConfigInvoker.invokeConfigurations(ConfigInvoker.java:319)
	at org.testng.internal.invokers.TestInvoker.runConfigMethods(TestInvoker.java:803)
	at org.testng.internal.invokers.TestInvoker.invokeMethod(TestInvoker.java:589)
	at org.testng.internal.invokers.TestInvoker.invokeTestMethod(TestInvoker.java:220)
	at org.testng.internal.invokers.MethodRunner.runInSequence(MethodRunner.java:50)
	at org.testng.internal.invokers.TestInvoker$MethodInvocationAgent.invoke(TestInvoker.java:945)
	at org.testng.internal.invokers.TestInvoker.invokeTestMethods(TestInvoker.java:193)
	at org.testng.internal.invokers.TestMethodWorker.invokeTestMethods(TestMethodWorker.java:146)
	at org.testng.internal.invokers.TestMethodWorker.run(TestMethodWorker.java:128)
	at java.base/java.util.ArrayList.forEach(ArrayList.java:1511)
	at org.testng.TestRunner.privateRun(TestRunner.java:808)
	at org.testng.TestRunner.run(TestRunner.java:603)
	at org.testng.SuiteRunner.runTest(SuiteRunner.java:429)
	at org.testng.SuiteRunner.runSequentially(SuiteRunner.java:423)
	at org.testng.SuiteRunner.privateRun(SuiteRunner.java:383)
	at org.testng.SuiteRunner.run(SuiteRunner.java:326)
	at org.testng.SuiteRunnerWorker.runSuite(SuiteRunnerWorker.java:52)
	at org.testng.SuiteRunnerWorker.run(SuiteRunnerWorker.java:95)
	at org.testng.TestNG.runSuitesSequentially(TestNG.java:1249)
	at org.testng.TestNG.runSuitesLocally(TestNG.java:1169)
	at org.testng.TestNG.runSuites(TestNG.java:1092)
	at org.testng.TestNG.run(TestNG.java:1060)
	at org.gradle.api.internal.tasks.testing.testng.TestNGTestClassProcessor.runTests(TestNGTestClassProcessor.java:141)
	at org.gradle.api.internal.tasks.testing.testng.TestNGTestClassProcessor.stop(TestNGTestClassProcessor.java:90)
	at org.gradle.api.internal.tasks.testing.SuiteTestClassProcessor.stop(SuiteTestClassProcessor.java:61)
	at java.base/jdk.internal.reflect.NativeMethodAccessorImpl.invoke0(Native Method)
	at java.base/jdk.internal.reflect.NativeMethodAccessorImpl.invoke(NativeMethodAccessorImpl.java:77)
	at java.base/jdk.internal.reflect.DelegatingMethodAccessorImpl.invoke(DelegatingMethodAccessorImpl.java:43)
	at java.base/java.lang.reflect.Method.invoke(Method.java:569)
	at org.gradle.internal.dispatch.ReflectionDispatch.dispatch(ReflectionDispatch.java:36)
	at org.gradle.internal.dispatch.ReflectionDispatch.dispatch(ReflectionDispatch.java:24)
	at org.gradle.internal.dispatch.ContextClassLoaderDispatch.dispatch(ContextClassLoaderDispatch.java:33)
	at org.gradle.internal.dispatch.ProxyDispatchAdapter$DispatchingInvocationHandler.invoke(ProxyDispatchAdapter.java:94)
	at jdk.proxy1/jdk.proxy1.$Proxy2.stop(Unknown Source)
	at org.gradle.api.internal.tasks.testing.worker.TestWorker$3.run(TestWorker.java:193)
	at org.gradle.api.internal.tasks.testing.worker.TestWorker.executeAndMaintainThreadName(TestWorker.java:129)
	at org.gradle.api.internal.tasks.testing.worker.TestWorker.execute(TestWorker.java:100)
	at org.gradle.api.internal.tasks.testing.worker.TestWorker.execute(TestWorker.java:60)
	at org.gradle.process.internal.worker.child.ActionExecutionWorker.execute(ActionExecutionWorker.java:56)
	at org.gradle.process.internal.worker.child.SystemApplicationClassLoaderWorker.call(SystemApplicationClassLoaderWorker.java:133)
	at org.gradle.process.internal.worker.child.SystemApplicationClassLoaderWorker.call(SystemApplicationClassLoaderWorker.java:71)
	at worker.org.gradle.process.internal.worker.GradleWorkerMain.run(GradleWorkerMain.java:69)
	at worker.org.gradle.process.internal.worker.GradleWorkerMain.main(GradleWorkerMain.java:74)
Caused by: javax.net.ssl.SSLHandshakeException: The server selected protocol version TLS10 is not accepted by client preferences [TLS13, TLS12]
	at java.base/sun.security.ssl.Alert.createSSLException(Alert.java:131)
	at java.base/sun.security.ssl.Alert.createSSLException(Alert.java:117)
	at java.base/sun.security.ssl.TransportContext.fatal(TransportContext.java:365)
	at java.base/sun.security.ssl.TransportContext.fatal(TransportContext.java:321)
	at java.base/sun.security.ssl.TransportContext.fatal(TransportContext.java:312)
	at java.base/sun.security.ssl.ServerHello$ServerHelloConsumer.onServerHello(ServerHello.java:981)
	at java.base/sun.security.ssl.ServerHello$ServerHelloConsumer.consume(ServerHello.java:903)
	at java.base/sun.security.ssl.SSLHandshake.consume(SSLHandshake.java:396)
	at java.base/sun.security.ssl.HandshakeContext.dispatch(HandshakeContext.java:480)
	at java.base/sun.security.ssl.HandshakeContext.dispatch(HandshakeContext.java:458)
	at java.base/sun.security.ssl.TransportContext.dispatch(TransportContext.java:201)
	at java.base/sun.security.ssl.SSLTransport.decode(SSLTransport.java:172)
	at java.base/sun.security.ssl.SSLSocketImpl.decode(SSLSocketImpl.java:1510)
	at java.base/sun.security.ssl.SSLSocketImpl.readHandshakeRecord(SSLSocketImpl.java:1425)
	at java.base/sun.security.ssl.SSLSocketImpl.startHandshake(SSLSocketImpl.java:455)
	at java.base/sun.security.ssl.SSLSocketImpl.startHandshake(SSLSocketImpl.java:426)
	at com.microsoft.sqlserver.jdbc.TDSChannel.enableSSL(IOBuffer.java:1618)
	... 60 more
nov. 25, 2024 11:40:33 A. M. com.microsoft.sqlserver.jdbc.TDSChannel enableSSL
INFORMACIÓN: java.security path: C:\Users\EMRR6950\.jdks\azul-17.0.12\lib\security
Security providers: [SUN version 17, SunRsaSign version 17, SunEC version 17, SunJSSE version 17, SunJCE version 17, SunJGSS version 17, SunSASL version 17, XMLDSig version 17, SunPCSC version 17, JdkLDAP version 17, JdkSASL version 17, SunMSCAPI version 17, SunPKCS11 version 17, OracleJSSE version 1.0, OracleJSSE103 version 1.0]
SSLContext provider info: Sun JSSE provider(PKCS12, SunX509/PKIX key/trust factories, SSLv3/TLSv1/TLSv1.1/TLSv1.2/TLSv1.3/DTLSv1.0/DTLSv1.2)
SSLContext provider services:
[SunJSSE: SSLContext.TLSv1 -> sun.security.ssl.SSLContextImpl$TLS10Context
  aliases: [SSLv3]
, SunJSSE: TrustManagerFactory.PKIX -> sun.security.ssl.TrustManagerFactoryImpl$PKIXFactory
  aliases: [SunPKIX, X509, X.509]
, SunJSSE: KeyManagerFactory.NewSunX509 -> sun.security.ssl.KeyManagerFactoryImpl$X509
  aliases: [PKIX]
, SunJSSE: SSLContext.DTLSv1.0 -> sun.security.ssl.SSLContextImpl$DTLS10Context
, SunJSSE: SSLContext.DTLS -> sun.security.ssl.SSLContextImpl$DTLSContext
, SunJSSE: SSLContext.DTLSv1.2 -> sun.security.ssl.SSLContextImpl$DTLS12Context
, SunJSSE: SSLContext.TLS -> sun.security.ssl.SSLContextImpl$TLSContext
  aliases: [SSL]
, SunJSSE: SSLContext.Default -> sun.security.ssl.SSLContextImpl$DefaultSSLContext
, SunJSSE: SSLContext.TLSv1.2 -> sun.security.ssl.SSLContextImpl$TLS12Context
, SunJSSE: SSLContext.TLSv1.1 -> sun.security.ssl.SSLContextImpl$TLS11Context
, SunJSSE: Signature.MD5andSHA1withRSA -> sun.security.ssl.RSASignature
, SunJSSE: KeyStore.PKCS12 -> sun.security.pkcs12.PKCS12KeyStore
, SunJSSE: SSLContext.TLSv1.3 -> sun.security.ssl.SSLContextImpl$TLS13Context
, SunJSSE: TrustManagerFactory.SunX509 -> sun.security.ssl.TrustManagerFactoryImpl$SimpleFactory
, SunJSSE: KeyManagerFactory.SunX509 -> sun.security.ssl.KeyManagerFactoryImpl$SunX509
]
java.ext.dirs: null
com.microsoft.sqlserver.jdbc.SQLServerException: El controlador no pudo establecer una conexión segura con SQL Server con el cifrado de Capa de sockets seguros (SSL). Error: "The server selected protocol version TLS10 is not accepted by client preferences [TLS13, TLS12]". ClientConnectionId:a8bbba2d-1a95-47be-a17a-17acb7807c94
	at com.microsoft.sqlserver.jdbc.SQLServerConnection.terminate(SQLServerConnection.java:1667)
	at com.microsoft.sqlserver.jdbc.TDSChannel.enableSSL(IOBuffer.java:1668)
	at com.microsoft.sqlserver.jdbc.SQLServerConnection.connectHelper(SQLServerConnection.java:1323)
	at com.microsoft.sqlserver.jdbc.SQLServerConnection.login(SQLServerConnection.java:991)
	at com.microsoft.sqlserver.jdbc.SQLServerConnection.connect(SQLServerConnection.java:827)
	at com.microsoft.sqlserver.jdbc.SQLServerDriver.connect(SQLServerDriver.java:1012)
	at java.sql/java.sql.DriverManager.getConnection(DriverManager.java:681)
	at java.sql/java.sql.DriverManager.getConnection(DriverManager.java:229)
	at framework.DBManager.connectToCLSTGSQLQ83(DBManager.java:403)
	at framework.DBManager.<init>(DBManager.java:70)
	at framework.TestScriptWebSelenium.<init>(TestScriptWebSelenium.java:132)
	at framework.generalUtilities.HookPersonas.setup(HookPersonas.java:30)
	at java.base/jdk.internal.reflect.NativeMethodAccessorImpl.invoke0(Native Method)
	at java.base/jdk.internal.reflect.NativeMethodAccessorImpl.invoke(NativeMethodAccessorImpl.java:77)
	at java.base/jdk.internal.reflect.DelegatingMethodAccessorImpl.invoke(DelegatingMethodAccessorImpl.java:43)
	at java.base/java.lang.reflect.Method.invoke(Method.java:569)
	at org.testng.internal.invokers.MethodInvocationHelper.invokeMethod(MethodInvocationHelper.java:135)
	at org.testng.internal.invokers.MethodInvocationHelper.invokeMethodConsideringTimeout(MethodInvocationHelper.java:65)
	at org.testng.internal.invokers.ConfigInvoker.invokeConfigurationMethod(ConfigInvoker.java:381)
	at org.testng.internal.invokers.ConfigInvoker.invokeConfigurations(ConfigInvoker.java:319)
	at org.testng.internal.invokers.TestInvoker.runConfigMethods(TestInvoker.java:803)
	at org.testng.internal.invokers.TestInvoker.invokeMethod(TestInvoker.java:589)
	at org.testng.internal.invokers.TestInvoker.invokeTestMethod(TestInvoker.java:220)
	at org.testng.internal.invokers.MethodRunner.runInSequence(MethodRunner.java:50)
	at org.testng.internal.invokers.TestInvoker$MethodInvocationAgent.invoke(TestInvoker.java:945)
	at org.testng.internal.invokers.TestInvoker.invokeTestMethods(TestInvoker.java:193)
	at org.testng.internal.invokers.TestMethodWorker.invokeTestMethods(TestMethodWorker.java:146)
	at org.testng.internal.invokers.TestMethodWorker.run(TestMethodWorker.java:128)
	at java.base/java.util.ArrayList.forEach(ArrayList.java:1511)
	at org.testng.TestRunner.privateRun(TestRunner.java:808)
	at org.testng.TestRunner.run(TestRunner.java:603)
	at org.testng.SuiteRunner.runTest(SuiteRunner.java:429)
	at org.testng.SuiteRunner.runSequentially(SuiteRunner.java:423)
	at org.testng.SuiteRunner.privateRun(SuiteRunner.java:383)
	at org.testng.SuiteRunner.run(SuiteRunner.java:326)
	at org.testng.SuiteRunnerWorker.runSuite(SuiteRunnerWorker.java:52)
	at org.testng.SuiteRunnerWorker.run(SuiteRunnerWorker.java:95)
	at org.testng.TestNG.runSuitesSequentially(TestNG.java:1249)
	at org.testng.TestNG.runSuitesLocally(TestNG.java:1169)
	at org.testng.TestNG.runSuites(TestNG.java:1092)
	at org.testng.TestNG.run(TestNG.java:1060)
	at org.gradle.api.internal.tasks.testing.testng.TestNGTestClassProcessor.runTests(TestNGTestClassProcessor.java:141)
	at org.gradle.api.internal.tasks.testing.testng.TestNGTestClassProcessor.stop(TestNGTestClassProcessor.java:90)
	at org.gradle.api.internal.tasks.testing.SuiteTestClassProcessor.stop(SuiteTestClassProcessor.java:61)
	at java.base/jdk.internal.reflect.NativeMethodAccessorImpl.invoke0(Native Method)
	at java.base/jdk.internal.reflect.NativeMethodAccessorImpl.invoke(NativeMethodAccessorImpl.java:77)
	at java.base/jdk.internal.reflect.DelegatingMethodAccessorImpl.invoke(DelegatingMethodAccessorImpl.java:43)
	at java.base/java.lang.reflect.Method.invoke(Method.java:569)
	at org.gradle.internal.dispatch.ReflectionDispatch.dispatch(ReflectionDispatch.java:36)
	at org.gradle.internal.dispatch.ReflectionDispatch.dispatch(ReflectionDispatch.java:24)
	at org.gradle.internal.dispatch.ContextClassLoaderDispatch.dispatch(ContextClassLoaderDispatch.java:33)
	at org.gradle.internal.dispatch.ProxyDispatchAdapter$DispatchingInvocationHandler.invoke(ProxyDispatchAdapter.java:94)
	at jdk.proxy1/jdk.proxy1.$Proxy2.stop(Unknown Source)
	at org.gradle.api.internal.tasks.testing.worker.TestWorker$3.run(TestWorker.java:193)
	at org.gradle.api.internal.tasks.testing.worker.TestWorker.executeAndMaintainThreadName(TestWorker.java:129)
	at org.gradle.api.internal.tasks.testing.worker.TestWorker.execute(TestWorker.java:100)
	at org.gradle.api.internal.tasks.testing.worker.TestWorker.execute(TestWorker.java:60)
	at org.gradle.process.internal.worker.child.ActionExecutionWorker.execute(ActionExecutionWorker.java:56)
	at org.gradle.process.internal.worker.child.SystemApplicationClassLoaderWorker.call(SystemApplicationClassLoaderWorker.java:133)
	at org.gradle.process.internal.worker.child.SystemApplicationClassLoaderWorker.call(SystemApplicationClassLoaderWorker.java:71)
	at worker.org.gradle.process.internal.worker.GradleWorkerMain.run(GradleWorkerMain.java:69)
	at worker.org.gradle.process.internal.worker.GradleWorkerMain.main(GradleWorkerMain.java:74)
Caused by: javax.net.ssl.SSLHandshakeException: The server selected protocol version TLS10 is not accepted by client preferences [TLS13, TLS12]
	at java.base/sun.security.ssl.Alert.createSSLException(Alert.java:131)
	at java.base/sun.security.ssl.Alert.createSSLException(Alert.java:117)
	at java.base/sun.security.ssl.TransportContext.fatal(TransportContext.java:365)
	at java.base/sun.security.ssl.TransportContext.fatal(TransportContext.java:321)
	at java.base/sun.security.ssl.TransportContext.fatal(TransportContext.java:312)
	at java.base/sun.security.ssl.ServerHello$ServerHelloConsumer.onServerHello(ServerHello.java:981)
	at java.base/sun.security.ssl.ServerHello$ServerHelloConsumer.consume(ServerHello.java:903)
	at java.base/sun.security.ssl.SSLHandshake.consume(SSLHandshake.java:396)
	at java.base/sun.security.ssl.HandshakeContext.dispatch(HandshakeContext.java:480)
	at java.base/sun.security.ssl.HandshakeContext.dispatch(HandshakeContext.java:458)
	at java.base/sun.security.ssl.TransportContext.dispatch(TransportContext.java:201)
	at java.base/sun.security.ssl.SSLTransport.decode(SSLTransport.java:172)
	at java.base/sun.security.ssl.SSLSocketImpl.decode(SSLSocketImpl.java:1510)
	at java.base/sun.security.ssl.SSLSocketImpl.readHandshakeRecord(SSLSocketImpl.java:1425)
	at java.base/sun.security.ssl.SSLSocketImpl.startHandshake(SSLSocketImpl.java:455)
	at java.base/sun.security.ssl.SSLSocketImpl.startHandshake(SSLSocketImpl.java:426)
	at com.microsoft.sqlserver.jdbc.TDSChannel.enableSSL(IOBuffer.java:1618)
	... 60 more
nov. 25, 2024 11:40:33 A. M. framework.TestScriptWebSelenium <init>
INFORMACIÓN: *******Navegador Por Datapool*********
nov. 25, 2024 11:40:37 A. M. org.openqa.selenium.devtools.CdpVersionFinder findNearestMatch
ADVERTENCIA: Unable to find an exact match for CDP version 131, returning the closest version; found: 129; Please update to a Selenium version that supports CDP version 131
nov. 25, 2024 11:40:38 A. M. com.microsoft.sqlserver.jdbc.TDSChannel enableSSL
INFORMACIÓN: java.security path: C:\Users\EMRR6950\.jdks\azul-17.0.12\lib\security
Security providers: [SUN version 17, SunRsaSign version 17, SunEC version 17, SunJSSE version 17, SunJCE version 17, SunJGSS version 17, SunSASL version 17, XMLDSig version 17, SunPCSC version 17, JdkLDAP version 17, JdkSASL version 17, SunMSCAPI version 17, SunPKCS11 version 17, OracleJSSE version 1.0, OracleJSSE103 version 1.0]
SSLContext provider info: Sun JSSE provider(PKCS12, SunX509/PKIX key/trust factories, SSLv3/TLSv1/TLSv1.1/TLSv1.2/TLSv1.3/DTLSv1.0/DTLSv1.2)
SSLContext provider services:
[SunJSSE: SSLContext.TLSv1 -> sun.security.ssl.SSLContextImpl$TLS10Context
  aliases: [SSLv3]
, SunJSSE: TrustManagerFactory.PKIX -> sun.security.ssl.TrustManagerFactoryImpl$PKIXFactory
  aliases: [SunPKIX, X509, X.509]
, SunJSSE: KeyManagerFactory.NewSunX509 -> sun.security.ssl.KeyManagerFactoryImpl$X509
  aliases: [PKIX]
, SunJSSE: SSLContext.DTLSv1.0 -> sun.security.ssl.SSLContextImpl$DTLS10Context
, SunJSSE: SSLContext.DTLS -> sun.security.ssl.SSLContextImpl$DTLSContext
, SunJSSE: SSLContext.DTLSv1.2 -> sun.security.ssl.SSLContextImpl$DTLS12Context
, SunJSSE: SSLContext.TLS -> sun.security.ssl.SSLContextImpl$TLSContext
  aliases: [SSL]
, SunJSSE: SSLContext.Default -> sun.security.ssl.SSLContextImpl$DefaultSSLContext
, SunJSSE: SSLContext.TLSv1.2 -> sun.security.ssl.SSLContextImpl$TLS12Context
, SunJSSE: SSLContext.TLSv1.1 -> sun.security.ssl.SSLContextImpl$TLS11Context
, SunJSSE: Signature.MD5andSHA1withRSA -> sun.security.ssl.RSASignature
, SunJSSE: KeyStore.PKCS12 -> sun.security.pkcs12.PKCS12KeyStore
, SunJSSE: SSLContext.TLSv1.3 -> sun.security.ssl.SSLContextImpl$TLS13Context
, SunJSSE: TrustManagerFactory.SunX509 -> sun.security.ssl.TrustManagerFactoryImpl$SimpleFactory
, SunJSSE: KeyManagerFactory.SunX509 -> sun.security.ssl.KeyManagerFactoryImpl$SunX509
]
java.ext.dirs: null
com.microsoft.sqlserver.jdbc.SQLServerException: El controlador no pudo establecer una conexión segura con SQL Server con el cifrado de Capa de sockets seguros (SSL). Error: "The server selected protocol version TLS10 is not accepted by client preferences [TLS13, TLS12]". ClientConnectionId:cdd2fe27-759b-4ad1-bfe9-1fe51e899d9a
	at com.microsoft.sqlserver.jdbc.SQLServerConnection.terminate(SQLServerConnection.java:1667)
	at com.microsoft.sqlserver.jdbc.TDSChannel.enableSSL(IOBuffer.java:1668)
	at com.microsoft.sqlserver.jdbc.SQLServerConnection.connectHelper(SQLServerConnection.java:1323)
	at com.microsoft.sqlserver.jdbc.SQLServerConnection.login(SQLServerConnection.java:991)
	at com.microsoft.sqlserver.jdbc.SQLServerConnection.connect(SQLServerConnection.java:827)
	at com.microsoft.sqlserver.jdbc.SQLServerDriver.connect(SQLServerDriver.java:1012)
	at java.sql/java.sql.DriverManager.getConnection(DriverManager.java:681)
	at java.sql/java.sql.DriverManager.getConnection(DriverManager.java:229)
	at framework.DBManager.connectToCLSTGSQLQ20(DBManager.java:236)
	at framework.DBManager.<init>(DBManager.java:63)
	at framework.TestScriptBD.<init>(TestScriptBD.java:26)
	at framework.TestScriptUtil.<init>(TestScriptUtil.java:44)
	at framework.Login.<init>(Login.java:16)
	at framework.TestScriptWebSelenium.<init>(TestScriptWebSelenium.java:184)
	at framework.Login.setDriver(Login.java:36)
	at framework.TestScriptWebSelenium.<init>(TestScriptWebSelenium.java:178)
	at framework.generalUtilities.HookPersonas.setup(HookPersonas.java:30)
	at java.base/jdk.internal.reflect.NativeMethodAccessorImpl.invoke0(Native Method)
	at java.base/jdk.internal.reflect.NativeMethodAccessorImpl.invoke(NativeMethodAccessorImpl.java:77)
	at java.base/jdk.internal.reflect.DelegatingMethodAccessorImpl.invoke(DelegatingMethodAccessorImpl.java:43)
	at java.base/java.lang.reflect.Method.invoke(Method.java:569)
	at org.testng.internal.invokers.MethodInvocationHelper.invokeMethod(MethodInvocationHelper.java:135)
	at org.testng.internal.invokers.MethodInvocationHelper.invokeMethodConsideringTimeout(MethodInvocationHelper.java:65)
	at org.testng.internal.invokers.ConfigInvoker.invokeConfigurationMethod(ConfigInvoker.java:381)
	at org.testng.internal.invokers.ConfigInvoker.invokeConfigurations(ConfigInvoker.java:319)
	at org.testng.internal.invokers.TestInvoker.runConfigMethods(TestInvoker.java:803)
	at org.testng.internal.invokers.TestInvoker.invokeMethod(TestInvoker.java:589)
	at org.testng.internal.invokers.TestInvoker.invokeTestMethod(TestInvoker.java:220)
	at org.testng.internal.invokers.MethodRunner.runInSequence(MethodRunner.java:50)
	at org.testng.internal.invokers.TestInvoker$MethodInvocationAgent.invoke(TestInvoker.java:945)
	at org.testng.internal.invokers.TestInvoker.invokeTestMethods(TestInvoker.java:193)
	at org.testng.internal.invokers.TestMethodWorker.invokeTestMethods(TestMethodWorker.java:146)
	at org.testng.internal.invokers.TestMethodWorker.run(TestMethodWorker.java:128)
	at java.base/java.util.ArrayList.forEach(ArrayList.java:1511)
	at org.testng.TestRunner.privateRun(TestRunner.java:808)
	at org.testng.TestRunner.run(TestRunner.java:603)
	at org.testng.SuiteRunner.runTest(SuiteRunner.java:429)
	at org.testng.SuiteRunner.runSequentially(SuiteRunner.java:423)
	at org.testng.SuiteRunner.privateRun(SuiteRunner.java:383)
	at org.testng.SuiteRunner.run(SuiteRunner.java:326)
	at org.testng.SuiteRunnerWorker.runSuite(SuiteRunnerWorker.java:52)
	at org.testng.SuiteRunnerWorker.run(SuiteRunnerWorker.java:95)
	at org.testng.TestNG.runSuitesSequentially(TestNG.java:1249)
	at org.testng.TestNG.runSuitesLocally(TestNG.java:1169)
	at org.testng.TestNG.runSuites(TestNG.java:1092)
	at org.testng.TestNG.run(TestNG.java:1060)
	at org.gradle.api.internal.tasks.testing.testng.TestNGTestClassProcessor.runTests(TestNGTestClassProcessor.java:141)
	at org.gradle.api.internal.tasks.testing.testng.TestNGTestClassProcessor.stop(TestNGTestClassProcessor.java:90)
	at org.gradle.api.internal.tasks.testing.SuiteTestClassProcessor.stop(SuiteTestClassProcessor.java:61)
	at java.base/jdk.internal.reflect.NativeMethodAccessorImpl.invoke0(Native Method)
	at java.base/jdk.internal.reflect.NativeMethodAccessorImpl.invoke(NativeMethodAccessorImpl.java:77)
	at java.base/jdk.internal.reflect.DelegatingMethodAccessorImpl.invoke(DelegatingMethodAccessorImpl.java:43)
	at java.base/java.lang.reflect.Method.invoke(Method.java:569)
	at org.gradle.internal.dispatch.ReflectionDispatch.dispatch(ReflectionDispatch.java:36)
	at org.gradle.internal.dispatch.ReflectionDispatch.dispatch(ReflectionDispatch.java:24)
	at org.gradle.internal.dispatch.ContextClassLoaderDispatch.dispatch(ContextClassLoaderDispatch.java:33)
	at org.gradle.internal.dispatch.ProxyDispatchAdapter$DispatchingInvocationHandler.invoke(ProxyDispatchAdapter.java:94)
	at jdk.proxy1/jdk.proxy1.$Proxy2.stop(Unknown Source)
	at org.gradle.api.internal.tasks.testing.worker.TestWorker$3.run(TestWorker.java:193)
	at org.gradle.api.internal.tasks.testing.worker.TestWorker.executeAndMaintainThreadName(TestWorker.java:129)
	at org.gradle.api.internal.tasks.testing.worker.TestWorker.execute(TestWorker.java:100)
	at org.gradle.api.internal.tasks.testing.worker.TestWorker.execute(TestWorker.java:60)
	at org.gradle.process.internal.worker.child.ActionExecutionWorker.execute(ActionExecutionWorker.java:56)
	at org.gradle.process.internal.worker.child.SystemApplicationClassLoaderWorker.call(SystemApplicationClassLoaderWorker.java:133)
	at org.gradle.process.internal.worker.child.SystemApplicationClassLoaderWorker.call(SystemApplicationClassLoaderWorker.java:71)
	at worker.org.gradle.process.internal.worker.GradleWorkerMain.run(GradleWorkerMain.java:69)
	at worker.org.gradle.process.internal.worker.GradleWorkerMain.main(GradleWorkerMain.java:74)
Caused by: javax.net.ssl.SSLHandshakeException: The server selected protocol version TLS10 is not accepted by client preferences [TLS13, TLS12]
	at java.base/sun.security.ssl.Alert.createSSLException(Alert.java:131)
	at java.base/sun.security.ssl.Alert.createSSLException(Alert.java:117)
	at java.base/sun.security.ssl.TransportContext.fatal(TransportContext.java:365)
	at java.base/sun.security.ssl.TransportContext.fatal(TransportContext.java:321)
	at java.base/sun.security.ssl.TransportContext.fatal(TransportContext.java:312)
	at java.base/sun.security.ssl.ServerHello$ServerHelloConsumer.onServerHello(ServerHello.java:981)
	at java.base/sun.security.ssl.ServerHello$ServerHelloConsumer.consume(ServerHello.java:903)
	at java.base/sun.security.ssl.SSLHandshake.consume(SSLHandshake.java:396)
	at java.base/sun.security.ssl.HandshakeContext.dispatch(HandshakeContext.java:480)
	at java.base/sun.security.ssl.HandshakeContext.dispatch(HandshakeContext.java:458)
	at java.base/sun.security.ssl.TransportContext.dispatch(TransportContext.java:201)
	at java.base/sun.security.ssl.SSLTransport.decode(SSLTransport.java:172)
	at java.base/sun.security.ssl.SSLSocketImpl.decode(SSLSocketImpl.java:1510)
	at java.base/sun.security.ssl.SSLSocketImpl.readHandshakeRecord(SSLSocketImpl.java:1425)
	at java.base/sun.security.ssl.SSLSocketImpl.startHandshake(SSLSocketImpl.java:455)
	at java.base/sun.security.ssl.SSLSocketImpl.startHandshake(SSLSocketImpl.java:426)
	at com.microsoft.sqlserver.jdbc.TDSChannel.enableSSL(IOBuffer.java:1618)
	... 65 more
nov. 25, 2024 11:40:39 A. M. com.microsoft.sqlserver.jdbc.TDSChannel enableSSL
INFORMACIÓN: java.security path: C:\Users\EMRR6950\.jdks\azul-17.0.12\lib\security
Security providers: [SUN version 17, SunRsaSign version 17, SunEC version 17, SunJSSE version 17, SunJCE version 17, SunJGSS version 17, SunSASL version 17, XMLDSig version 17, SunPCSC version 17, JdkLDAP version 17, JdkSASL version 17, SunMSCAPI version 17, SunPKCS11 version 17, OracleJSSE version 1.0, OracleJSSE103 version 1.0]
SSLContext provider info: Sun JSSE provider(PKCS12, SunX509/PKIX key/trust factories, SSLv3/TLSv1/TLSv1.1/TLSv1.2/TLSv1.3/DTLSv1.0/DTLSv1.2)
SSLContext provider services:
[SunJSSE: SSLContext.TLSv1 -> sun.security.ssl.SSLContextImpl$TLS10Context
  aliases: [SSLv3]
, SunJSSE: TrustManagerFactory.PKIX -> sun.security.ssl.TrustManagerFactoryImpl$PKIXFactory
  aliases: [SunPKIX, X509, X.509]
, SunJSSE: KeyManagerFactory.NewSunX509 -> sun.security.ssl.KeyManagerFactoryImpl$X509
  aliases: [PKIX]
, SunJSSE: SSLContext.DTLSv1.0 -> sun.security.ssl.SSLContextImpl$DTLS10Context
, SunJSSE: SSLContext.DTLS -> sun.security.ssl.SSLContextImpl$DTLSContext
, SunJSSE: SSLContext.DTLSv1.2 -> sun.security.ssl.SSLContextImpl$DTLS12Context
, SunJSSE: SSLContext.TLS -> sun.security.ssl.SSLContextImpl$TLSContext
  aliases: [SSL]
, SunJSSE: SSLContext.Default -> sun.security.ssl.SSLContextImpl$DefaultSSLContext
, SunJSSE: SSLContext.TLSv1.2 -> sun.security.ssl.SSLContextImpl$TLS12Context
, SunJSSE: SSLContext.TLSv1.1 -> sun.security.ssl.SSLContextImpl$TLS11Context
, SunJSSE: Signature.MD5andSHA1withRSA -> sun.security.ssl.RSASignature
, SunJSSE: KeyStore.PKCS12 -> sun.security.pkcs12.PKCS12KeyStore
, SunJSSE: SSLContext.TLSv1.3 -> sun.security.ssl.SSLContextImpl$TLS13Context
, SunJSSE: TrustManagerFactory.SunX509 -> sun.security.ssl.TrustManagerFactoryImpl$SimpleFactory
, SunJSSE: KeyManagerFactory.SunX509 -> sun.security.ssl.KeyManagerFactoryImpl$SunX509
]
java.ext.dirs: null
com.microsoft.sqlserver.jdbc.SQLServerException: El controlador no pudo establecer una conexión segura con SQL Server con el cifrado de Capa de sockets seguros (SSL). Error: "The server selected protocol version TLS10 is not accepted by client preferences [TLS13, TLS12]". ClientConnectionId:63c9408e-dabc-4928-80b9-3a0ce81a201f
	at com.microsoft.sqlserver.jdbc.SQLServerConnection.terminate(SQLServerConnection.java:1667)
	at com.microsoft.sqlserver.jdbc.TDSChannel.enableSSL(IOBuffer.java:1668)
	at com.microsoft.sqlserver.jdbc.SQLServerConnection.connectHelper(SQLServerConnection.java:1323)
	at com.microsoft.sqlserver.jdbc.SQLServerConnection.login(SQLServerConnection.java:991)
	at com.microsoft.sqlserver.jdbc.SQLServerConnection.connect(SQLServerConnection.java:827)
	at com.microsoft.sqlserver.jdbc.SQLServerDriver.connect(SQLServerDriver.java:1012)
	at java.sql/java.sql.DriverManager.getConnection(DriverManager.java:681)
	at java.sql/java.sql.DriverManager.getConnection(DriverManager.java:229)
	at framework.DBManager.connectToCLSTGSQLQ56(DBManager.java:191)
	at framework.DBManager.<init>(DBManager.java:68)
	at framework.TestScriptBD.<init>(TestScriptBD.java:26)
	at framework.TestScriptUtil.<init>(TestScriptUtil.java:44)
	at framework.Login.<init>(Login.java:16)
	at framework.TestScriptWebSelenium.<init>(TestScriptWebSelenium.java:184)
	at framework.Login.setDriver(Login.java:36)
	at framework.TestScriptWebSelenium.<init>(TestScriptWebSelenium.java:178)
	at framework.generalUtilities.HookPersonas.setup(HookPersonas.java:30)
	at java.base/jdk.internal.reflect.NativeMethodAccessorImpl.invoke0(Native Method)
	at java.base/jdk.internal.reflect.NativeMethodAccessorImpl.invoke(NativeMethodAccessorImpl.java:77)
	at java.base/jdk.internal.reflect.DelegatingMethodAccessorImpl.invoke(DelegatingMethodAccessorImpl.java:43)
	at java.base/java.lang.reflect.Method.invoke(Method.java:569)
	at org.testng.internal.invokers.MethodInvocationHelper.invokeMethod(MethodInvocationHelper.java:135)
	at org.testng.internal.invokers.MethodInvocationHelper.invokeMethodConsideringTimeout(MethodInvocationHelper.java:65)
	at org.testng.internal.invokers.ConfigInvoker.invokeConfigurationMethod(ConfigInvoker.java:381)
	at org.testng.internal.invokers.ConfigInvoker.invokeConfigurations(ConfigInvoker.java:319)
	at org.testng.internal.invokers.TestInvoker.runConfigMethods(TestInvoker.java:803)
	at org.testng.internal.invokers.TestInvoker.invokeMethod(TestInvoker.java:589)
	at org.testng.internal.invokers.TestInvoker.invokeTestMethod(TestInvoker.java:220)
	at org.testng.internal.invokers.MethodRunner.runInSequence(MethodRunner.java:50)
	at org.testng.internal.invokers.TestInvoker$MethodInvocationAgent.invoke(TestInvoker.java:945)
	at org.testng.internal.invokers.TestInvoker.invokeTestMethods(TestInvoker.java:193)
	at org.testng.internal.invokers.TestMethodWorker.invokeTestMethods(TestMethodWorker.java:146)
	at org.testng.internal.invokers.TestMethodWorker.run(TestMethodWorker.java:128)
	at java.base/java.util.ArrayList.forEach(ArrayList.java:1511)
	at org.testng.TestRunner.privateRun(TestRunner.java:808)
	at org.testng.TestRunner.run(TestRunner.java:603)
	at org.testng.SuiteRunner.runTest(SuiteRunner.java:429)
	at org.testng.SuiteRunner.runSequentially(SuiteRunner.java:423)
	at org.testng.SuiteRunner.privateRun(SuiteRunner.java:383)
	at org.testng.SuiteRunner.run(SuiteRunner.java:326)
	at org.testng.SuiteRunnerWorker.runSuite(SuiteRunnerWorker.java:52)
	at org.testng.SuiteRunnerWorker.run(SuiteRunnerWorker.java:95)
	at org.testng.TestNG.runSuitesSequentially(TestNG.java:1249)
	at org.testng.TestNG.runSuitesLocally(TestNG.java:1169)
	at org.testng.TestNG.runSuites(TestNG.java:1092)
	at org.testng.TestNG.run(TestNG.java:1060)
	at org.gradle.api.internal.tasks.testing.testng.TestNGTestClassProcessor.runTests(TestNGTestClassProcessor.java:141)
	at org.gradle.api.internal.tasks.testing.testng.TestNGTestClassProcessor.stop(TestNGTestClassProcessor.java:90)
	at org.gradle.api.internal.tasks.testing.SuiteTestClassProcessor.stop(SuiteTestClassProcessor.java:61)
	at java.base/jdk.internal.reflect.NativeMethodAccessorImpl.invoke0(Native Method)
	at java.base/jdk.internal.reflect.NativeMethodAccessorImpl.invoke(NativeMethodAccessorImpl.java:77)
	at java.base/jdk.internal.reflect.DelegatingMethodAccessorImpl.invoke(DelegatingMethodAccessorImpl.java:43)
	at java.base/java.lang.reflect.Method.invoke(Method.java:569)
	at org.gradle.internal.dispatch.ReflectionDispatch.dispatch(ReflectionDispatch.java:36)
	at org.gradle.internal.dispatch.ReflectionDispatch.dispatch(ReflectionDispatch.java:24)
	at org.gradle.internal.dispatch.ContextClassLoaderDispatch.dispatch(ContextClassLoaderDispatch.java:33)
	at org.gradle.internal.dispatch.ProxyDispatchAdapter$DispatchingInvocationHandler.invoke(ProxyDispatchAdapter.java:94)
	at jdk.proxy1/jdk.proxy1.$Proxy2.stop(Unknown Source)
	at org.gradle.api.internal.tasks.testing.worker.TestWorker$3.run(TestWorker.java:193)
	at org.gradle.api.internal.tasks.testing.worker.TestWorker.executeAndMaintainThreadName(TestWorker.java:129)
	at org.gradle.api.internal.tasks.testing.worker.TestWorker.execute(TestWorker.java:100)
	at org.gradle.api.internal.tasks.testing.worker.TestWorker.execute(TestWorker.java:60)
	at org.gradle.process.internal.worker.child.ActionExecutionWorker.execute(ActionExecutionWorker.java:56)
	at org.gradle.process.internal.worker.child.SystemApplicationClassLoaderWorker.call(SystemApplicationClassLoaderWorker.java:133)
	at org.gradle.process.internal.worker.child.SystemApplicationClassLoaderWorker.call(SystemApplicationClassLoaderWorker.java:71)
	at worker.org.gradle.process.internal.worker.GradleWorkerMain.run(GradleWorkerMain.java:69)
	at worker.org.gradle.process.internal.worker.GradleWorkerMain.main(GradleWorkerMain.java:74)
Caused by: javax.net.ssl.SSLHandshakeException: The server selected protocol version TLS10 is not accepted by client preferences [TLS13, TLS12]
	at java.base/sun.security.ssl.Alert.createSSLException(Alert.java:131)
	at java.base/sun.security.ssl.Alert.createSSLException(Alert.java:117)
	at java.base/sun.security.ssl.TransportContext.fatal(TransportContext.java:365)
	at java.base/sun.security.ssl.TransportContext.fatal(TransportContext.java:321)
	at java.base/sun.security.ssl.TransportContext.fatal(TransportContext.java:312)
	at java.base/sun.security.ssl.ServerHello$ServerHelloConsumer.onServerHello(ServerHello.java:981)
	at java.base/sun.security.ssl.ServerHello$ServerHelloConsumer.consume(ServerHello.java:903)
	at java.base/sun.security.ssl.SSLHandshake.consume(SSLHandshake.java:396)
	at java.base/sun.security.ssl.HandshakeContext.dispatch(HandshakeContext.java:480)
	at java.base/sun.security.ssl.HandshakeContext.dispatch(HandshakeContext.java:458)
	at java.base/sun.security.ssl.TransportContext.dispatch(TransportContext.java:201)
	at java.base/sun.security.ssl.SSLTransport.decode(SSLTransport.java:172)
	at java.base/sun.security.ssl.SSLSocketImpl.decode(SSLSocketImpl.java:1510)
	at java.base/sun.security.ssl.SSLSocketImpl.readHandshakeRecord(SSLSocketImpl.java:1425)
	at java.base/sun.security.ssl.SSLSocketImpl.startHandshake(SSLSocketImpl.java:455)
	at java.base/sun.security.ssl.SSLSocketImpl.startHandshake(SSLSocketImpl.java:426)
	at com.microsoft.sqlserver.jdbc.TDSChannel.enableSSL(IOBuffer.java:1618)
	... 65 more
nov. 25, 2024 11:40:39 A. M. com.microsoft.sqlserver.jdbc.TDSChannel enableSSL
INFORMACIÓN: java.security path: C:\Users\EMRR6950\.jdks\azul-17.0.12\lib\security
Security providers: [SUN version 17, SunRsaSign version 17, SunEC version 17, SunJSSE version 17, SunJCE version 17, SunJGSS version 17, SunSASL version 17, XMLDSig version 17, SunPCSC version 17, JdkLDAP version 17, JdkSASL version 17, SunMSCAPI version 17, SunPKCS11 version 17, OracleJSSE version 1.0, OracleJSSE103 version 1.0]
SSLContext provider info: Sun JSSE provider(PKCS12, SunX509/PKIX key/trust factories, SSLv3/TLSv1/TLSv1.1/TLSv1.2/TLSv1.3/DTLSv1.0/DTLSv1.2)
SSLContext provider services:
[SunJSSE: SSLContext.TLSv1 -> sun.security.ssl.SSLContextImpl$TLS10Context
  aliases: [SSLv3]
, SunJSSE: TrustManagerFactory.PKIX -> sun.security.ssl.TrustManagerFactoryImpl$PKIXFactory
  aliases: [SunPKIX, X509, X.509]
, SunJSSE: KeyManagerFactory.NewSunX509 -> sun.security.ssl.KeyManagerFactoryImpl$X509
  aliases: [PKIX]
, SunJSSE: SSLContext.DTLSv1.0 -> sun.security.ssl.SSLContextImpl$DTLS10Context
, SunJSSE: SSLContext.DTLS -> sun.security.ssl.SSLContextImpl$DTLSContext
, SunJSSE: SSLContext.DTLSv1.2 -> sun.security.ssl.SSLContextImpl$DTLS12Context
, SunJSSE: SSLContext.TLS -> sun.security.ssl.SSLContextImpl$TLSContext
  aliases: [SSL]
, SunJSSE: SSLContext.Default -> sun.security.ssl.SSLContextImpl$DefaultSSLContext
, SunJSSE: SSLContext.TLSv1.2 -> sun.security.ssl.SSLContextImpl$TLS12Context
, SunJSSE: SSLContext.TLSv1.1 -> sun.security.ssl.SSLContextImpl$TLS11Context
, SunJSSE: Signature.MD5andSHA1withRSA -> sun.security.ssl.RSASignature
, SunJSSE: KeyStore.PKCS12 -> sun.security.pkcs12.PKCS12KeyStore
, SunJSSE: SSLContext.TLSv1.3 -> sun.security.ssl.SSLContextImpl$TLS13Context
, SunJSSE: TrustManagerFactory.SunX509 -> sun.security.ssl.TrustManagerFactoryImpl$SimpleFactory
, SunJSSE: KeyManagerFactory.SunX509 -> sun.security.ssl.KeyManagerFactoryImpl$SunX509
]
java.ext.dirs: null
com.microsoft.sqlserver.jdbc.SQLServerException: El controlador no pudo establecer una conexión segura con SQL Server con el cifrado de Capa de sockets seguros (SSL). Error: "The server selected protocol version TLS10 is not accepted by client preferences [TLS13, TLS12]". ClientConnectionId:f3eda75d-2f22-4fe8-a761-ef3fe3e0aba7
	at com.microsoft.sqlserver.jdbc.SQLServerConnection.terminate(SQLServerConnection.java:1667)
	at com.microsoft.sqlserver.jdbc.TDSChannel.enableSSL(IOBuffer.java:1668)
	at com.microsoft.sqlserver.jdbc.SQLServerConnection.connectHelper(SQLServerConnection.java:1323)
	at com.microsoft.sqlserver.jdbc.SQLServerConnection.login(SQLServerConnection.java:991)
	at com.microsoft.sqlserver.jdbc.SQLServerConnection.connect(SQLServerConnection.java:827)
	at com.microsoft.sqlserver.jdbc.SQLServerDriver.connect(SQLServerDriver.java:1012)
	at java.sql/java.sql.DriverManager.getConnection(DriverManager.java:681)
	at java.sql/java.sql.DriverManager.getConnection(DriverManager.java:229)
	at framework.DBManager.connectToCLSTGSQLQ83(DBManager.java:403)
	at framework.DBManager.<init>(DBManager.java:70)
	at framework.TestScriptBD.<init>(TestScriptBD.java:26)
	at framework.TestScriptUtil.<init>(TestScriptUtil.java:44)
	at framework.Login.<init>(Login.java:16)
	at framework.TestScriptWebSelenium.<init>(TestScriptWebSelenium.java:184)
	at framework.Login.setDriver(Login.java:36)
	at framework.TestScriptWebSelenium.<init>(TestScriptWebSelenium.java:178)
	at framework.generalUtilities.HookPersonas.setup(HookPersonas.java:30)
	at java.base/jdk.internal.reflect.NativeMethodAccessorImpl.invoke0(Native Method)
	at java.base/jdk.internal.reflect.NativeMethodAccessorImpl.invoke(NativeMethodAccessorImpl.java:77)
	at java.base/jdk.internal.reflect.DelegatingMethodAccessorImpl.invoke(DelegatingMethodAccessorImpl.java:43)
	at java.base/java.lang.reflect.Method.invoke(Method.java:569)
	at org.testng.internal.invokers.MethodInvocationHelper.invokeMethod(MethodInvocationHelper.java:135)
	at org.testng.internal.invokers.MethodInvocationHelper.invokeMethodConsideringTimeout(MethodInvocationHelper.java:65)
	at org.testng.internal.invokers.ConfigInvoker.invokeConfigurationMethod(ConfigInvoker.java:381)
	at org.testng.internal.invokers.ConfigInvoker.invokeConfigurations(ConfigInvoker.java:319)
	at org.testng.internal.invokers.TestInvoker.runConfigMethods(TestInvoker.java:803)
	at org.testng.internal.invokers.TestInvoker.invokeMethod(TestInvoker.java:589)
	at org.testng.internal.invokers.TestInvoker.invokeTestMethod(TestInvoker.java:220)
	at org.testng.internal.invokers.MethodRunner.runInSequence(MethodRunner.java:50)
	at org.testng.internal.invokers.TestInvoker$MethodInvocationAgent.invoke(TestInvoker.java:945)
	at org.testng.internal.invokers.TestInvoker.invokeTestMethods(TestInvoker.java:193)
	at org.testng.internal.invokers.TestMethodWorker.invokeTestMethods(TestMethodWorker.java:146)
	at org.testng.internal.invokers.TestMethodWorker.run(TestMethodWorker.java:128)
	at java.base/java.util.ArrayList.forEach(ArrayList.java:1511)
	at org.testng.TestRunner.privateRun(TestRunner.java:808)
	at org.testng.TestRunner.run(TestRunner.java:603)
	at org.testng.SuiteRunner.runTest(SuiteRunner.java:429)
	at org.testng.SuiteRunner.runSequentially(SuiteRunner.java:423)
	at org.testng.SuiteRunner.privateRun(SuiteRunner.java:383)
	at org.testng.SuiteRunner.run(SuiteRunner.java:326)
	at org.testng.SuiteRunnerWorker.runSuite(SuiteRunnerWorker.java:52)
	at org.testng.SuiteRunnerWorker.run(SuiteRunnerWorker.java:95)
	at org.testng.TestNG.runSuitesSequentially(TestNG.java:1249)
	at org.testng.TestNG.runSuitesLocally(TestNG.java:1169)
	at org.testng.TestNG.runSuites(TestNG.java:1092)
	at org.testng.TestNG.run(TestNG.java:1060)
	at org.gradle.api.internal.tasks.testing.testng.TestNGTestClassProcessor.runTests(TestNGTestClassProcessor.java:141)
	at org.gradle.api.internal.tasks.testing.testng.TestNGTestClassProcessor.stop(TestNGTestClassProcessor.java:90)
	at org.gradle.api.internal.tasks.testing.SuiteTestClassProcessor.stop(SuiteTestClassProcessor.java:61)
	at java.base/jdk.internal.reflect.NativeMethodAccessorImpl.invoke0(Native Method)
	at java.base/jdk.internal.reflect.NativeMethodAccessorImpl.invoke(NativeMethodAccessorImpl.java:77)
	at java.base/jdk.internal.reflect.DelegatingMethodAccessorImpl.invoke(DelegatingMethodAccessorImpl.java:43)
	at java.base/java.lang.reflect.Method.invoke(Method.java:569)
	at org.gradle.internal.dispatch.ReflectionDispatch.dispatch(ReflectionDispatch.java:36)
	at org.gradle.internal.dispatch.ReflectionDispatch.dispatch(ReflectionDispatch.java:24)
	at org.gradle.internal.dispatch.ContextClassLoaderDispatch.dispatch(ContextClassLoaderDispatch.java:33)
	at org.gradle.internal.dispatch.ProxyDispatchAdapter$DispatchingInvocationHandler.invoke(ProxyDispatchAdapter.java:94)
	at jdk.proxy1/jdk.proxy1.$Proxy2.stop(Unknown Source)
	at org.gradle.api.internal.tasks.testing.worker.TestWorker$3.run(TestWorker.java:193)
	at org.gradle.api.internal.tasks.testing.worker.TestWorker.executeAndMaintainThreadName(TestWorker.java:129)
	at org.gradle.api.internal.tasks.testing.worker.TestWorker.execute(TestWorker.java:100)
	at org.gradle.api.internal.tasks.testing.worker.TestWorker.execute(TestWorker.java:60)
	at org.gradle.process.internal.worker.child.ActionExecutionWorker.execute(ActionExecutionWorker.java:56)
	at org.gradle.process.internal.worker.child.SystemApplicationClassLoaderWorker.call(SystemApplicationClassLoaderWorker.java:133)
	at org.gradle.process.internal.worker.child.SystemApplicationClassLoaderWorker.call(SystemApplicationClassLoaderWorker.java:71)
	at worker.org.gradle.process.internal.worker.GradleWorkerMain.run(GradleWorkerMain.java:69)
	at worker.org.gradle.process.internal.worker.GradleWorkerMain.main(GradleWorkerMain.java:74)
Caused by: javax.net.ssl.SSLHandshakeException: The server selected protocol version TLS10 is not accepted by client preferences [TLS13, TLS12]
	at java.base/sun.security.ssl.Alert.createSSLException(Alert.java:131)
	at java.base/sun.security.ssl.Alert.createSSLException(Alert.java:117)
	at java.base/sun.security.ssl.TransportContext.fatal(TransportContext.java:365)
	at java.base/sun.security.ssl.TransportContext.fatal(TransportContext.java:321)
	at java.base/sun.security.ssl.TransportContext.fatal(TransportContext.java:312)
	at java.base/sun.security.ssl.ServerHello$ServerHelloConsumer.onServerHello(ServerHello.java:981)
	at java.base/sun.security.ssl.ServerHello$ServerHelloConsumer.consume(ServerHello.java:903)
	at java.base/sun.security.ssl.SSLHandshake.consume(SSLHandshake.java:396)
	at java.base/sun.security.ssl.HandshakeContext.dispatch(HandshakeContext.java:480)
	at java.base/sun.security.ssl.HandshakeContext.dispatch(HandshakeContext.java:458)
	at java.base/sun.security.ssl.TransportContext.dispatch(TransportContext.java:201)
	at java.base/sun.security.ssl.SSLTransport.decode(SSLTransport.java:172)
	at java.base/sun.security.ssl.SSLSocketImpl.decode(SSLSocketImpl.java:1510)
	at java.base/sun.security.ssl.SSLSocketImpl.readHandshakeRecord(SSLSocketImpl.java:1425)
	at java.base/sun.security.ssl.SSLSocketImpl.startHandshake(SSLSocketImpl.java:455)
	at java.base/sun.security.ssl.SSLSocketImpl.startHandshake(SSLSocketImpl.java:426)
	at com.microsoft.sqlserver.jdbc.TDSChannel.enableSSL(IOBuffer.java:1618)
	... 65 more
nov. 25, 2024 11:40:40 A. M. com.microsoft.sqlserver.jdbc.TDSChannel enableSSL
INFORMACIÓN: java.security path: C:\Users\EMRR6950\.jdks\azul-17.0.12\lib\security
Security providers: [SUN version 17, SunRsaSign version 17, SunEC version 17, SunJSSE version 17, SunJCE version 17, SunJGSS version 17, SunSASL version 17, XMLDSig version 17, SunPCSC version 17, JdkLDAP version 17, JdkSASL version 17, SunMSCAPI version 17, SunPKCS11 version 17, OracleJSSE version 1.0, OracleJSSE103 version 1.0]
SSLContext provider info: Sun JSSE provider(PKCS12, SunX509/PKIX key/trust factories, SSLv3/TLSv1/TLSv1.1/TLSv1.2/TLSv1.3/DTLSv1.0/DTLSv1.2)
SSLContext provider services:
[SunJSSE: SSLContext.TLSv1 -> sun.security.ssl.SSLContextImpl$TLS10Context
  aliases: [SSLv3]
, SunJSSE: TrustManagerFactory.PKIX -> sun.security.ssl.TrustManagerFactoryImpl$PKIXFactory
  aliases: [SunPKIX, X509, X.509]
, SunJSSE: KeyManagerFactory.NewSunX509 -> sun.security.ssl.KeyManagerFactoryImpl$X509
  aliases: [PKIX]
, SunJSSE: SSLContext.DTLSv1.0 -> sun.security.ssl.SSLContextImpl$DTLS10Context
, SunJSSE: SSLContext.DTLS -> sun.security.ssl.SSLContextImpl$DTLSContext
, SunJSSE: SSLContext.DTLSv1.2 -> sun.security.ssl.SSLContextImpl$DTLS12Context
, SunJSSE: SSLContext.TLS -> sun.security.ssl.SSLContextImpl$TLSContext
  aliases: [SSL]
, SunJSSE: SSLContext.Default -> sun.security.ssl.SSLContextImpl$DefaultSSLContext
, SunJSSE: SSLContext.TLSv1.2 -> sun.security.ssl.SSLContextImpl$TLS12Context
, SunJSSE: SSLContext.TLSv1.1 -> sun.security.ssl.SSLContextImpl$TLS11Context
, SunJSSE: Signature.MD5andSHA1withRSA -> sun.security.ssl.RSASignature
, SunJSSE: KeyStore.PKCS12 -> sun.security.pkcs12.PKCS12KeyStore
, SunJSSE: SSLContext.TLSv1.3 -> sun.security.ssl.SSLContextImpl$TLS13Context
, SunJSSE: TrustManagerFactory.SunX509 -> sun.security.ssl.TrustManagerFactoryImpl$SimpleFactory
, SunJSSE: KeyManagerFactory.SunX509 -> sun.security.ssl.KeyManagerFactoryImpl$SunX509
]
java.ext.dirs: null
com.microsoft.sqlserver.jdbc.SQLServerException: El controlador no pudo establecer una conexión segura con SQL Server con el cifrado de Capa de sockets seguros (SSL). Error: "The server selected protocol version TLS10 is not accepted by client preferences [TLS13, TLS12]". ClientConnectionId:0ba503ec-c368-45b1-a154-fe776a456406
	at com.microsoft.sqlserver.jdbc.SQLServerConnection.terminate(SQLServerConnection.java:1667)
	at com.microsoft.sqlserver.jdbc.TDSChannel.enableSSL(IOBuffer.java:1668)
	at com.microsoft.sqlserver.jdbc.SQLServerConnection.connectHelper(SQLServerConnection.java:1323)
	at com.microsoft.sqlserver.jdbc.SQLServerConnection.login(SQLServerConnection.java:991)
	at com.microsoft.sqlserver.jdbc.SQLServerConnection.connect(SQLServerConnection.java:827)
	at com.microsoft.sqlserver.jdbc.SQLServerDriver.connect(SQLServerDriver.java:1012)
	at java.sql/java.sql.DriverManager.getConnection(DriverManager.java:681)
	at java.sql/java.sql.DriverManager.getConnection(DriverManager.java:229)
	at framework.DBManager.connectToCLSTGSQLQ20(DBManager.java:236)
	at framework.DBManager.<init>(DBManager.java:63)
	at framework.Login.<init>(Login.java:22)
	at framework.TestScriptWebSelenium.<init>(TestScriptWebSelenium.java:184)
	at framework.Login.setDriver(Login.java:36)
	at framework.TestScriptWebSelenium.<init>(TestScriptWebSelenium.java:178)
	at framework.generalUtilities.HookPersonas.setup(HookPersonas.java:30)
	at java.base/jdk.internal.reflect.NativeMethodAccessorImpl.invoke0(Native Method)
	at java.base/jdk.internal.reflect.NativeMethodAccessorImpl.invoke(NativeMethodAccessorImpl.java:77)
	at java.base/jdk.internal.reflect.DelegatingMethodAccessorImpl.invoke(DelegatingMethodAccessorImpl.java:43)
	at java.base/java.lang.reflect.Method.invoke(Method.java:569)
	at org.testng.internal.invokers.MethodInvocationHelper.invokeMethod(MethodInvocationHelper.java:135)
	at org.testng.internal.invokers.MethodInvocationHelper.invokeMethodConsideringTimeout(MethodInvocationHelper.java:65)
	at org.testng.internal.invokers.ConfigInvoker.invokeConfigurationMethod(ConfigInvoker.java:381)
	at org.testng.internal.invokers.ConfigInvoker.invokeConfigurations(ConfigInvoker.java:319)
	at org.testng.internal.invokers.TestInvoker.runConfigMethods(TestInvoker.java:803)
	at org.testng.internal.invokers.TestInvoker.invokeMethod(TestInvoker.java:589)
	at org.testng.internal.invokers.TestInvoker.invokeTestMethod(TestInvoker.java:220)
	at org.testng.internal.invokers.MethodRunner.runInSequence(MethodRunner.java:50)
	at org.testng.internal.invokers.TestInvoker$MethodInvocationAgent.invoke(TestInvoker.java:945)
	at org.testng.internal.invokers.TestInvoker.invokeTestMethods(TestInvoker.java:193)
	at org.testng.internal.invokers.TestMethodWorker.invokeTestMethods(TestMethodWorker.java:146)
	at org.testng.internal.invokers.TestMethodWorker.run(TestMethodWorker.java:128)
	at java.base/java.util.ArrayList.forEach(ArrayList.java:1511)
	at org.testng.TestRunner.privateRun(TestRunner.java:808)
	at org.testng.TestRunner.run(TestRunner.java:603)
	at org.testng.SuiteRunner.runTest(SuiteRunner.java:429)
	at org.testng.SuiteRunner.runSequentially(SuiteRunner.java:423)
	at org.testng.SuiteRunner.privateRun(SuiteRunner.java:383)
	at org.testng.SuiteRunner.run(SuiteRunner.java:326)
	at org.testng.SuiteRunnerWorker.runSuite(SuiteRunnerWorker.java:52)
	at org.testng.SuiteRunnerWorker.run(SuiteRunnerWorker.java:95)
	at org.testng.TestNG.runSuitesSequentially(TestNG.java:1249)
	at org.testng.TestNG.runSuitesLocally(TestNG.java:1169)
	at org.testng.TestNG.runSuites(TestNG.java:1092)
	at org.testng.TestNG.run(TestNG.java:1060)
	at org.gradle.api.internal.tasks.testing.testng.TestNGTestClassProcessor.runTests(TestNGTestClassProcessor.java:141)
	at org.gradle.api.internal.tasks.testing.testng.TestNGTestClassProcessor.stop(TestNGTestClassProcessor.java:90)
	at org.gradle.api.internal.tasks.testing.SuiteTestClassProcessor.stop(SuiteTestClassProcessor.java:61)
	at java.base/jdk.internal.reflect.NativeMethodAccessorImpl.invoke0(Native Method)
	at java.base/jdk.internal.reflect.NativeMethodAccessorImpl.invoke(NativeMethodAccessorImpl.java:77)
	at java.base/jdk.internal.reflect.DelegatingMethodAccessorImpl.invoke(DelegatingMethodAccessorImpl.java:43)
	at java.base/java.lang.reflect.Method.invoke(Method.java:569)
	at org.gradle.internal.dispatch.ReflectionDispatch.dispatch(ReflectionDispatch.java:36)
	at org.gradle.internal.dispatch.ReflectionDispatch.dispatch(ReflectionDispatch.java:24)
	at org.gradle.internal.dispatch.ContextClassLoaderDispatch.dispatch(ContextClassLoaderDispatch.java:33)
	at org.gradle.internal.dispatch.ProxyDispatchAdapter$DispatchingInvocationHandler.invoke(ProxyDispatchAdapter.java:94)
	at jdk.proxy1/jdk.proxy1.$Proxy2.stop(Unknown Source)
	at org.gradle.api.internal.tasks.testing.worker.TestWorker$3.run(TestWorker.java:193)
	at org.gradle.api.internal.tasks.testing.worker.TestWorker.executeAndMaintainThreadName(TestWorker.java:129)
	at org.gradle.api.internal.tasks.testing.worker.TestWorker.execute(TestWorker.java:100)
	at org.gradle.api.internal.tasks.testing.worker.TestWorker.execute(TestWorker.java:60)
	at org.gradle.process.internal.worker.child.ActionExecutionWorker.execute(ActionExecutionWorker.java:56)
	at org.gradle.process.internal.worker.child.SystemApplicationClassLoaderWorker.call(SystemApplicationClassLoaderWorker.java:133)
	at org.gradle.process.internal.worker.child.SystemApplicationClassLoaderWorker.call(SystemApplicationClassLoaderWorker.java:71)
	at worker.org.gradle.process.internal.worker.GradleWorkerMain.run(GradleWorkerMain.java:69)
	at worker.org.gradle.process.internal.worker.GradleWorkerMain.main(GradleWorkerMain.java:74)
Caused by: javax.net.ssl.SSLHandshakeException: The server selected protocol version TLS10 is not accepted by client preferences [TLS13, TLS12]
	at java.base/sun.security.ssl.Alert.createSSLException(Alert.java:131)
	at java.base/sun.security.ssl.Alert.createSSLException(Alert.java:117)
	at java.base/sun.security.ssl.TransportContext.fatal(TransportContext.java:365)
	at java.base/sun.security.ssl.TransportContext.fatal(TransportContext.java:321)
	at java.base/sun.security.ssl.TransportContext.fatal(TransportContext.java:312)
	at java.base/sun.security.ssl.ServerHello$ServerHelloConsumer.onServerHello(ServerHello.java:981)
	at java.base/sun.security.ssl.ServerHello$ServerHelloConsumer.consume(ServerHello.java:903)
	at java.base/sun.security.ssl.SSLHandshake.consume(SSLHandshake.java:396)
	at java.base/sun.security.ssl.HandshakeContext.dispatch(HandshakeContext.java:480)
	at java.base/sun.security.ssl.HandshakeContext.dispatch(HandshakeContext.java:458)
	at java.base/sun.security.ssl.TransportContext.dispatch(TransportContext.java:201)
	at java.base/sun.security.ssl.SSLTransport.decode(SSLTransport.java:172)
	at java.base/sun.security.ssl.SSLSocketImpl.decode(SSLSocketImpl.java:1510)
	at java.base/sun.security.ssl.SSLSocketImpl.readHandshakeRecord(SSLSocketImpl.java:1425)
	at java.base/sun.security.ssl.SSLSocketImpl.startHandshake(SSLSocketImpl.java:455)
	at java.base/sun.security.ssl.SSLSocketImpl.startHandshake(SSLSocketImpl.java:426)
	at com.microsoft.sqlserver.jdbc.TDSChannel.enableSSL(IOBuffer.java:1618)
	... 63 more
nov. 25, 2024 11:40:41 A. M. com.microsoft.sqlserver.jdbc.TDSChannel enableSSL
INFORMACIÓN: java.security path: C:\Users\EMRR6950\.jdks\azul-17.0.12\lib\security
Security providers: [SUN version 17, SunRsaSign version 17, SunEC version 17, SunJSSE version 17, SunJCE version 17, SunJGSS version 17, SunSASL version 17, XMLDSig version 17, SunPCSC version 17, JdkLDAP version 17, JdkSASL version 17, SunMSCAPI version 17, SunPKCS11 version 17, OracleJSSE version 1.0, OracleJSSE103 version 1.0]
SSLContext provider info: Sun JSSE provider(PKCS12, SunX509/PKIX key/trust factories, SSLv3/TLSv1/TLSv1.1/TLSv1.2/TLSv1.3/DTLSv1.0/DTLSv1.2)
SSLContext provider services:
[SunJSSE: SSLContext.TLSv1 -> sun.security.ssl.SSLContextImpl$TLS10Context
  aliases: [SSLv3]
, SunJSSE: TrustManagerFactory.PKIX -> sun.security.ssl.TrustManagerFactoryImpl$PKIXFactory
  aliases: [SunPKIX, X509, X.509]
, SunJSSE: KeyManagerFactory.NewSunX509 -> sun.security.ssl.KeyManagerFactoryImpl$X509
  aliases: [PKIX]
, SunJSSE: SSLContext.DTLSv1.0 -> sun.security.ssl.SSLContextImpl$DTLS10Context
, SunJSSE: SSLContext.DTLS -> sun.security.ssl.SSLContextImpl$DTLSContext
, SunJSSE: SSLContext.DTLSv1.2 -> sun.security.ssl.SSLContextImpl$DTLS12Context
, SunJSSE: SSLContext.TLS -> sun.security.ssl.SSLContextImpl$TLSContext
  aliases: [SSL]
, SunJSSE: SSLContext.Default -> sun.security.ssl.SSLContextImpl$DefaultSSLContext
, SunJSSE: SSLContext.TLSv1.2 -> sun.security.ssl.SSLContextImpl$TLS12Context
, SunJSSE: SSLContext.TLSv1.1 -> sun.security.ssl.SSLContextImpl$TLS11Context
, SunJSSE: Signature.MD5andSHA1withRSA -> sun.security.ssl.RSASignature
, SunJSSE: KeyStore.PKCS12 -> sun.security.pkcs12.PKCS12KeyStore
, SunJSSE: SSLContext.TLSv1.3 -> sun.security.ssl.SSLContextImpl$TLS13Context
, SunJSSE: TrustManagerFactory.SunX509 -> sun.security.ssl.TrustManagerFactoryImpl$SimpleFactory
, SunJSSE: KeyManagerFactory.SunX509 -> sun.security.ssl.KeyManagerFactoryImpl$SunX509
]
java.ext.dirs: null
com.microsoft.sqlserver.jdbc.SQLServerException: El controlador no pudo establecer una conexión segura con SQL Server con el cifrado de Capa de sockets seguros (SSL). Error: "The server selected protocol version TLS10 is not accepted by client preferences [TLS13, TLS12]". ClientConnectionId:d0371b5c-dba7-4117-95f3-191fd50d905b
	at com.microsoft.sqlserver.jdbc.SQLServerConnection.terminate(SQLServerConnection.java:1667)
	at com.microsoft.sqlserver.jdbc.TDSChannel.enableSSL(IOBuffer.java:1668)
	at com.microsoft.sqlserver.jdbc.SQLServerConnection.connectHelper(SQLServerConnection.java:1323)
	at com.microsoft.sqlserver.jdbc.SQLServerConnection.login(SQLServerConnection.java:991)
	at com.microsoft.sqlserver.jdbc.SQLServerConnection.connect(SQLServerConnection.java:827)
	at com.microsoft.sqlserver.jdbc.SQLServerDriver.connect(SQLServerDriver.java:1012)
	at java.sql/java.sql.DriverManager.getConnection(DriverManager.java:681)
	at java.sql/java.sql.DriverManager.getConnection(DriverManager.java:229)
	at framework.DBManager.connectToCLSTGSQLQ56(DBManager.java:191)
	at framework.DBManager.<init>(DBManager.java:68)
	at framework.Login.<init>(Login.java:22)
	at framework.TestScriptWebSelenium.<init>(TestScriptWebSelenium.java:184)
	at framework.Login.setDriver(Login.java:36)
	at framework.TestScriptWebSelenium.<init>(TestScriptWebSelenium.java:178)
	at framework.generalUtilities.HookPersonas.setup(HookPersonas.java:30)
	at java.base/jdk.internal.reflect.NativeMethodAccessorImpl.invoke0(Native Method)
	at java.base/jdk.internal.reflect.NativeMethodAccessorImpl.invoke(NativeMethodAccessorImpl.java:77)
	at java.base/jdk.internal.reflect.DelegatingMethodAccessorImpl.invoke(DelegatingMethodAccessorImpl.java:43)
	at java.base/java.lang.reflect.Method.invoke(Method.java:569)
	at org.testng.internal.invokers.MethodInvocationHelper.invokeMethod(MethodInvocationHelper.java:135)
	at org.testng.internal.invokers.MethodInvocationHelper.invokeMethodConsideringTimeout(MethodInvocationHelper.java:65)
	at org.testng.internal.invokers.ConfigInvoker.invokeConfigurationMethod(ConfigInvoker.java:381)
	at org.testng.internal.invokers.ConfigInvoker.invokeConfigurations(ConfigInvoker.java:319)
	at org.testng.internal.invokers.TestInvoker.runConfigMethods(TestInvoker.java:803)
	at org.testng.internal.invokers.TestInvoker.invokeMethod(TestInvoker.java:589)
	at org.testng.internal.invokers.TestInvoker.invokeTestMethod(TestInvoker.java:220)
	at org.testng.internal.invokers.MethodRunner.runInSequence(MethodRunner.java:50)
	at org.testng.internal.invokers.TestInvoker$MethodInvocationAgent.invoke(TestInvoker.java:945)
	at org.testng.internal.invokers.TestInvoker.invokeTestMethods(TestInvoker.java:193)
	at org.testng.internal.invokers.TestMethodWorker.invokeTestMethods(TestMethodWorker.java:146)
	at org.testng.internal.invokers.TestMethodWorker.run(TestMethodWorker.java:128)
	at java.base/java.util.ArrayList.forEach(ArrayList.java:1511)
	at org.testng.TestRunner.privateRun(TestRunner.java:808)
	at org.testng.TestRunner.run(TestRunner.java:603)
	at org.testng.SuiteRunner.runTest(SuiteRunner.java:429)
	at org.testng.SuiteRunner.runSequentially(SuiteRunner.java:423)
	at org.testng.SuiteRunner.privateRun(SuiteRunner.java:383)
	at org.testng.SuiteRunner.run(SuiteRunner.java:326)
	at org.testng.SuiteRunnerWorker.runSuite(SuiteRunnerWorker.java:52)
	at org.testng.SuiteRunnerWorker.run(SuiteRunnerWorker.java:95)
	at org.testng.TestNG.runSuitesSequentially(TestNG.java:1249)
	at org.testng.TestNG.runSuitesLocally(TestNG.java:1169)
	at org.testng.TestNG.runSuites(TestNG.java:1092)
	at org.testng.TestNG.run(TestNG.java:1060)
	at org.gradle.api.internal.tasks.testing.testng.TestNGTestClassProcessor.runTests(TestNGTestClassProcessor.java:141)
	at org.gradle.api.internal.tasks.testing.testng.TestNGTestClassProcessor.stop(TestNGTestClassProcessor.java:90)
	at org.gradle.api.internal.tasks.testing.SuiteTestClassProcessor.stop(SuiteTestClassProcessor.java:61)
	at java.base/jdk.internal.reflect.NativeMethodAccessorImpl.invoke0(Native Method)
	at java.base/jdk.internal.reflect.NativeMethodAccessorImpl.invoke(NativeMethodAccessorImpl.java:77)
	at java.base/jdk.internal.reflect.DelegatingMethodAccessorImpl.invoke(DelegatingMethodAccessorImpl.java:43)
	at java.base/java.lang.reflect.Method.invoke(Method.java:569)
	at org.gradle.internal.dispatch.ReflectionDispatch.dispatch(ReflectionDispatch.java:36)
	at org.gradle.internal.dispatch.ReflectionDispatch.dispatch(ReflectionDispatch.java:24)
	at org.gradle.internal.dispatch.ContextClassLoaderDispatch.dispatch(ContextClassLoaderDispatch.java:33)
	at org.gradle.internal.dispatch.ProxyDispatchAdapter$DispatchingInvocationHandler.invoke(ProxyDispatchAdapter.java:94)
	at jdk.proxy1/jdk.proxy1.$Proxy2.stop(Unknown Source)
	at org.gradle.api.internal.tasks.testing.worker.TestWorker$3.run(TestWorker.java:193)
	at org.gradle.api.internal.tasks.testing.worker.TestWorker.executeAndMaintainThreadName(TestWorker.java:129)
	at org.gradle.api.internal.tasks.testing.worker.TestWorker.execute(TestWorker.java:100)
	at org.gradle.api.internal.tasks.testing.worker.TestWorker.execute(TestWorker.java:60)
	at org.gradle.process.internal.worker.child.ActionExecutionWorker.execute(ActionExecutionWorker.java:56)
	at org.gradle.process.internal.worker.child.SystemApplicationClassLoaderWorker.call(SystemApplicationClassLoaderWorker.java:133)
	at org.gradle.process.internal.worker.child.SystemApplicationClassLoaderWorker.call(SystemApplicationClassLoaderWorker.java:71)
	at worker.org.gradle.process.internal.worker.GradleWorkerMain.run(GradleWorkerMain.java:69)
	at worker.org.gradle.process.internal.worker.GradleWorkerMain.main(GradleWorkerMain.java:74)
Caused by: javax.net.ssl.SSLHandshakeException: The server selected protocol version TLS10 is not accepted by client preferences [TLS13, TLS12]
	at java.base/sun.security.ssl.Alert.createSSLException(Alert.java:131)
	at java.base/sun.security.ssl.Alert.createSSLException(Alert.java:117)
	at java.base/sun.security.ssl.TransportContext.fatal(TransportContext.java:365)
	at java.base/sun.security.ssl.TransportContext.fatal(TransportContext.java:321)
	at java.base/sun.security.ssl.TransportContext.fatal(TransportContext.java:312)
	at java.base/sun.security.ssl.ServerHello$ServerHelloConsumer.onServerHello(ServerHello.java:981)
	at java.base/sun.security.ssl.ServerHello$ServerHelloConsumer.consume(ServerHello.java:903)
	at java.base/sun.security.ssl.SSLHandshake.consume(SSLHandshake.java:396)
	at java.base/sun.security.ssl.HandshakeContext.dispatch(HandshakeContext.java:480)
	at java.base/sun.security.ssl.HandshakeContext.dispatch(HandshakeContext.java:458)
	at java.base/sun.security.ssl.TransportContext.dispatch(TransportContext.java:201)
	at java.base/sun.security.ssl.SSLTransport.decode(SSLTransport.java:172)
	at java.base/sun.security.ssl.SSLSocketImpl.decode(SSLSocketImpl.java:1510)
	at java.base/sun.security.ssl.SSLSocketImpl.readHandshakeRecord(SSLSocketImpl.java:1425)
	at java.base/sun.security.ssl.SSLSocketImpl.startHandshake(SSLSocketImpl.java:455)
	at java.base/sun.security.ssl.SSLSocketImpl.startHandshake(SSLSocketImpl.java:426)
	at com.microsoft.sqlserver.jdbc.TDSChannel.enableSSL(IOBuffer.java:1618)
	... 63 more
nov. 25, 2024 11:40:41 A. M. com.microsoft.sqlserver.jdbc.TDSChannel enableSSL
INFORMACIÓN: java.security path: C:\Users\EMRR6950\.jdks\azul-17.0.12\lib\security
Security providers: [SUN version 17, SunRsaSign version 17, SunEC version 17, SunJSSE version 17, SunJCE version 17, SunJGSS version 17, SunSASL version 17, XMLDSig version 17, SunPCSC version 17, JdkLDAP version 17, JdkSASL version 17, SunMSCAPI version 17, SunPKCS11 version 17, OracleJSSE version 1.0, OracleJSSE103 version 1.0]
SSLContext provider info: Sun JSSE provider(PKCS12, SunX509/PKIX key/trust factories, SSLv3/TLSv1/TLSv1.1/TLSv1.2/TLSv1.3/DTLSv1.0/DTLSv1.2)
SSLContext provider services:
[SunJSSE: SSLContext.TLSv1 -> sun.security.ssl.SSLContextImpl$TLS10Context
  aliases: [SSLv3]
, SunJSSE: TrustManagerFactory.PKIX -> sun.security.ssl.TrustManagerFactoryImpl$PKIXFactory
  aliases: [SunPKIX, X509, X.509]
, SunJSSE: KeyManagerFactory.NewSunX509 -> sun.security.ssl.KeyManagerFactoryImpl$X509
  aliases: [PKIX]
, SunJSSE: SSLContext.DTLSv1.0 -> sun.security.ssl.SSLContextImpl$DTLS10Context
, SunJSSE: SSLContext.DTLS -> sun.security.ssl.SSLContextImpl$DTLSContext
, SunJSSE: SSLContext.DTLSv1.2 -> sun.security.ssl.SSLContextImpl$DTLS12Context
, SunJSSE: SSLContext.TLS -> sun.security.ssl.SSLContextImpl$TLSContext
  aliases: [SSL]
, SunJSSE: SSLContext.Default -> sun.security.ssl.SSLContextImpl$DefaultSSLContext
, SunJSSE: SSLContext.TLSv1.2 -> sun.security.ssl.SSLContextImpl$TLS12Context
, SunJSSE: SSLContext.TLSv1.1 -> sun.security.ssl.SSLContextImpl$TLS11Context
, SunJSSE: Signature.MD5andSHA1withRSA -> sun.security.ssl.RSASignature
, SunJSSE: KeyStore.PKCS12 -> sun.security.pkcs12.PKCS12KeyStore
, SunJSSE: SSLContext.TLSv1.3 -> sun.security.ssl.SSLContextImpl$TLS13Context
, SunJSSE: TrustManagerFactory.SunX509 -> sun.security.ssl.TrustManagerFactoryImpl$SimpleFactory
, SunJSSE: KeyManagerFactory.SunX509 -> sun.security.ssl.KeyManagerFactoryImpl$SunX509
]
java.ext.dirs: null
com.microsoft.sqlserver.jdbc.SQLServerException: El controlador no pudo establecer una conexión segura con SQL Server con el cifrado de Capa de sockets seguros (SSL). Error: "The server selected protocol version TLS10 is not accepted by client preferences [TLS13, TLS12]". ClientConnectionId:6ab3f1c4-f007-4f42-bee3-efde12b491b2
	at com.microsoft.sqlserver.jdbc.SQLServerConnection.terminate(SQLServerConnection.java:1667)
	at com.microsoft.sqlserver.jdbc.TDSChannel.enableSSL(IOBuffer.java:1668)
	at com.microsoft.sqlserver.jdbc.SQLServerConnection.connectHelper(SQLServerConnection.java:1323)
	at com.microsoft.sqlserver.jdbc.SQLServerConnection.login(SQLServerConnection.java:991)
	at com.microsoft.sqlserver.jdbc.SQLServerConnection.connect(SQLServerConnection.java:827)
	at com.microsoft.sqlserver.jdbc.SQLServerDriver.connect(SQLServerDriver.java:1012)
	at java.sql/java.sql.DriverManager.getConnection(DriverManager.java:681)
	at java.sql/java.sql.DriverManager.getConnection(DriverManager.java:229)
	at framework.DBManager.connectToCLSTGSQLQ83(DBManager.java:403)
	at framework.DBManager.<init>(DBManager.java:70)
	at framework.Login.<init>(Login.java:22)
	at framework.TestScriptWebSelenium.<init>(TestScriptWebSelenium.java:184)
	at framework.Login.setDriver(Login.java:36)
	at framework.TestScriptWebSelenium.<init>(TestScriptWebSelenium.java:178)
	at framework.generalUtilities.HookPersonas.setup(HookPersonas.java:30)
	at java.base/jdk.internal.reflect.NativeMethodAccessorImpl.invoke0(Native Method)
	at java.base/jdk.internal.reflect.NativeMethodAccessorImpl.invoke(NativeMethodAccessorImpl.java:77)
	at java.base/jdk.internal.reflect.DelegatingMethodAccessorImpl.invoke(DelegatingMethodAccessorImpl.java:43)
	at java.base/java.lang.reflect.Method.invoke(Method.java:569)
	at org.testng.internal.invokers.MethodInvocationHelper.invokeMethod(MethodInvocationHelper.java:135)
	at org.testng.internal.invokers.MethodInvocationHelper.invokeMethodConsideringTimeout(MethodInvocationHelper.java:65)
	at org.testng.internal.invokers.ConfigInvoker.invokeConfigurationMethod(ConfigInvoker.java:381)
	at org.testng.internal.invokers.ConfigInvoker.invokeConfigurations(ConfigInvoker.java:319)
	at org.testng.internal.invokers.TestInvoker.runConfigMethods(TestInvoker.java:803)
	at org.testng.internal.invokers.TestInvoker.invokeMethod(TestInvoker.java:589)
	at org.testng.internal.invokers.TestInvoker.invokeTestMethod(TestInvoker.java:220)
	at org.testng.internal.invokers.MethodRunner.runInSequence(MethodRunner.java:50)
	at org.testng.internal.invokers.TestInvoker$MethodInvocationAgent.invoke(TestInvoker.java:945)
	at org.testng.internal.invokers.TestInvoker.invokeTestMethods(TestInvoker.java:193)
	at org.testng.internal.invokers.TestMethodWorker.invokeTestMethods(TestMethodWorker.java:146)
	at org.testng.internal.invokers.TestMethodWorker.run(TestMethodWorker.java:128)
	at java.base/java.util.ArrayList.forEach(ArrayList.java:1511)
	at org.testng.TestRunner.privateRun(TestRunner.java:808)
	at org.testng.TestRunner.run(TestRunner.java:603)
	at org.testng.SuiteRunner.runTest(SuiteRunner.java:429)
	at org.testng.SuiteRunner.runSequentially(SuiteRunner.java:423)
	at org.testng.SuiteRunner.privateRun(SuiteRunner.java:383)
	at org.testng.SuiteRunner.run(SuiteRunner.java:326)
	at org.testng.SuiteRunnerWorker.runSuite(SuiteRunnerWorker.java:52)
	at org.testng.SuiteRunnerWorker.run(SuiteRunnerWorker.java:95)
	at org.testng.TestNG.runSuitesSequentially(TestNG.java:1249)
	at org.testng.TestNG.runSuitesLocally(TestNG.java:1169)
	at org.testng.TestNG.runSuites(TestNG.java:1092)
	at org.testng.TestNG.run(TestNG.java:1060)
	at org.gradle.api.internal.tasks.testing.testng.TestNGTestClassProcessor.runTests(TestNGTestClassProcessor.java:141)
	at org.gradle.api.internal.tasks.testing.testng.TestNGTestClassProcessor.stop(TestNGTestClassProcessor.java:90)
	at org.gradle.api.internal.tasks.testing.SuiteTestClassProcessor.stop(SuiteTestClassProcessor.java:61)
	at java.base/jdk.internal.reflect.NativeMethodAccessorImpl.invoke0(Native Method)
	at java.base/jdk.internal.reflect.NativeMethodAccessorImpl.invoke(NativeMethodAccessorImpl.java:77)
	at java.base/jdk.internal.reflect.DelegatingMethodAccessorImpl.invoke(DelegatingMethodAccessorImpl.java:43)
	at java.base/java.lang.reflect.Method.invoke(Method.java:569)
	at org.gradle.internal.dispatch.ReflectionDispatch.dispatch(ReflectionDispatch.java:36)
	at org.gradle.internal.dispatch.ReflectionDispatch.dispatch(ReflectionDispatch.java:24)
	at org.gradle.internal.dispatch.ContextClassLoaderDispatch.dispatch(ContextClassLoaderDispatch.java:33)
	at org.gradle.internal.dispatch.ProxyDispatchAdapter$DispatchingInvocationHandler.invoke(ProxyDispatchAdapter.java:94)
	at jdk.proxy1/jdk.proxy1.$Proxy2.stop(Unknown Source)
	at org.gradle.api.internal.tasks.testing.worker.TestWorker$3.run(TestWorker.java:193)
	at org.gradle.api.internal.tasks.testing.worker.TestWorker.executeAndMaintainThreadName(TestWorker.java:129)
	at org.gradle.api.internal.tasks.testing.worker.TestWorker.execute(TestWorker.java:100)
	at org.gradle.api.internal.tasks.testing.worker.TestWorker.execute(TestWorker.java:60)
	at org.gradle.process.internal.worker.child.ActionExecutionWorker.execute(ActionExecutionWorker.java:56)
	at org.gradle.process.internal.worker.child.SystemApplicationClassLoaderWorker.call(SystemApplicationClassLoaderWorker.java:133)
	at org.gradle.process.internal.worker.child.SystemApplicationClassLoaderWorker.call(SystemApplicationClassLoaderWorker.java:71)
	at worker.org.gradle.process.internal.worker.GradleWorkerMain.run(GradleWorkerMain.java:69)
	at worker.org.gradle.process.internal.worker.GradleWorkerMain.main(GradleWorkerMain.java:74)
Caused by: javax.net.ssl.SSLHandshakeException: The server selected protocol version TLS10 is not accepted by client preferences [TLS13, TLS12]
	at java.base/sun.security.ssl.Alert.createSSLException(Alert.java:131)
	at java.base/sun.security.ssl.Alert.createSSLException(Alert.java:117)
	at java.base/sun.security.ssl.TransportContext.fatal(TransportContext.java:365)
	at java.base/sun.security.ssl.TransportContext.fatal(TransportContext.java:321)
	at java.base/sun.security.ssl.TransportContext.fatal(TransportContext.java:312)
	at java.base/sun.security.ssl.ServerHello$ServerHelloConsumer.onServerHello(ServerHello.java:981)
	at java.base/sun.security.ssl.ServerHello$ServerHelloConsumer.consume(ServerHello.java:903)
	at java.base/sun.security.ssl.SSLHandshake.consume(SSLHandshake.java:396)
	at java.base/sun.security.ssl.HandshakeContext.dispatch(HandshakeContext.java:480)
	at java.base/sun.security.ssl.HandshakeContext.dispatch(HandshakeContext.java:458)
	at java.base/sun.security.ssl.TransportContext.dispatch(TransportContext.java:201)
	at java.base/sun.security.ssl.SSLTransport.decode(SSLTransport.java:172)
	at java.base/sun.security.ssl.SSLSocketImpl.decode(SSLSocketImpl.java:1510)
	at java.base/sun.security.ssl.SSLSocketImpl.readHandshakeRecord(SSLSocketImpl.java:1425)
	at java.base/sun.security.ssl.SSLSocketImpl.startHandshake(SSLSocketImpl.java:455)
	at java.base/sun.security.ssl.SSLSocketImpl.startHandshake(SSLSocketImpl.java:426)
	at com.microsoft.sqlserver.jdbc.TDSChannel.enableSSL(IOBuffer.java:1618)
	... 63 more
nov. 25, 2024 11:40:58 A. M. org.openqa.selenium.remote.http.WebSocket$Listener onError
ADVERTENCIA: Connection reset
java.net.SocketException: Connection reset
	at java.base/sun.nio.ch.SocketChannelImpl.throwConnectionReset(SocketChannelImpl.java:394)
	at java.base/sun.nio.ch.SocketChannelImpl.read(SocketChannelImpl.java:426)
	at java.net.http/jdk.internal.net.http.SocketTube.readAvailable(SocketTube.java:1170)
	at java.net.http/jdk.internal.net.http.SocketTube$InternalReadPublisher$InternalReadSubscription.read(SocketTube.java:833)
	at java.net.http/jdk.internal.net.http.SocketTube$SocketFlowTask.run(SocketTube.java:181)
	at java.net.http/jdk.internal.net.http.common.SequentialScheduler$SchedulableTask.run(SequentialScheduler.java:230)
	at java.net.http/jdk.internal.net.http.common.SequentialScheduler.runOrSchedule(SequentialScheduler.java:303)
	at java.net.http/jdk.internal.net.http.common.SequentialScheduler.runOrSchedule(SequentialScheduler.java:256)
	at java.net.http/jdk.internal.net.http.SocketTube$InternalReadPublisher$InternalReadSubscription.signalReadable(SocketTube.java:774)
	at java.net.http/jdk.internal.net.http.SocketTube$InternalReadPublisher$ReadEvent.signalEvent(SocketTube.java:957)
	at java.net.http/jdk.internal.net.http.SocketTube$SocketFlowEvent.handle(SocketTube.java:253)
	at java.net.http/jdk.internal.net.http.HttpClientImpl$SelectorManager.handleEvent(HttpClientImpl.java:979)
	at java.net.http/jdk.internal.net.http.HttpClientImpl$SelectorManager.lambda$run$3(HttpClientImpl.java:934)
	at java.base/java.util.ArrayList.forEach(ArrayList.java:1511)
	at java.net.http/jdk.internal.net.http.HttpClientImpl$SelectorManager.run(HttpClientImpl.java:934)

]]></system-err>
</testsuite>
